Info: Starting: Create block symbol file (.bsf)
Info: qsys-generate C:\altera\15.0\ex11\nios_system.qsys --block-symbol-file --output-directory=C:\altera\15.0\ex11\nios_system --family="Cyclone V" --part=5CSEMA5F31C6
Progress: Loading ex11/nios_system.qsys
Progress: Reading input file
Progress: Adding clocks [altera_up_avalon_sys_sdram_pll 15.0]
Progress: Parameterizing module clocks
Progress: Adding hex [altera_avalon_pio 15.0]
Progress: Parameterizing module hex
Progress: Adding jtag_uart [altera_avalon_jtag_uart 15.0]
Progress: Parameterizing module jtag_uart
Progress: Adding key0 [altera_avalon_pio 15.0]
Progress: Parameterizing module key0
Progress: Adding key1 [altera_avalon_pio 15.0]
Progress: Parameterizing module key1
Progress: Adding key2 [altera_avalon_pio 15.0]
Progress: Parameterizing module key2
Progress: Adding key3 [altera_avalon_pio 15.0]
Progress: Parameterizing module key3
Progress: Adding nios2_processor [altera_nios2_qsys 15.0]
Progress: Parameterizing module nios2_processor
Progress: Adding onchip_memory [altera_avalon_onchip_memory2 15.0]
Progress: Parameterizing module onchip_memory
Progress: Adding sdram [altera_avalon_new_sdram_controller 15.0]
Progress: Parameterizing module sdram
Progress: Building connections
Progress: Parameterizing connections
Progress: Validating
Progress: Done reading input file
Info: nios_system.key0: PIO inputs are not hardwired in test bench. Undefined values will be read from PIO inputs during simulation.
Info: nios_system.key1: PIO inputs are not hardwired in test bench. Undefined values will be read from PIO inputs during simulation.
Info: nios_system.key2: PIO inputs are not hardwired in test bench. Undefined values will be read from PIO inputs during simulation.
Info: nios_system.key3: PIO inputs are not hardwired in test bench. Undefined values will be read from PIO inputs during simulation.
Warning: nios_system.nios2_processor: Nios II Classic cores are now superseded by improved Gen 2 cores.
Info: ip-generate succeeded.
Info: Finished: Create block symbol file (.bsf)
Info: 
Info: Starting: Create HDL design files for synthesis
Info: qsys-generate C:\altera\15.0\ex11\nios_system.qsys --synthesis=VERILOG --output-directory=C:\altera\15.0\ex11\nios_system\synthesis --family="Cyclone V" --part=5CSEMA5F31C6
Progress: Loading ex11/nios_system.qsys
Progress: Reading input file
Progress: Adding clocks [altera_up_avalon_sys_sdram_pll 15.0]
Progress: Parameterizing module clocks
Progress: Adding hex [altera_avalon_pio 15.0]
Progress: Parameterizing module hex
Progress: Adding jtag_uart [altera_avalon_jtag_uart 15.0]
Progress: Parameterizing module jtag_uart
Progress: Adding key0 [altera_avalon_pio 15.0]
Progress: Parameterizing module key0
Progress: Adding key1 [altera_avalon_pio 15.0]
Progress: Parameterizing module key1
Progress: Adding key2 [altera_avalon_pio 15.0]
Progress: Parameterizing module key2
Progress: Adding key3 [altera_avalon_pio 15.0]
Progress: Parameterizing module key3
Progress: Adding nios2_processor [altera_nios2_qsys 15.0]
Progress: Parameterizing module nios2_processor
Progress: Adding onchip_memory [altera_avalon_onchip_memory2 15.0]
Progress: Parameterizing module onchip_memory
Progress: Adding sdram [altera_avalon_new_sdram_controller 15.0]
Progress: Parameterizing module sdram
Progress: Building connections
Progress: Parameterizing connections
Progress: Validating
Progress: Done reading input file
Info: nios_system.key0: PIO inputs are not hardwired in test bench. Undefined values will be read from PIO inputs during simulation.
Info: nios_system.key1: PIO inputs are not hardwired in test bench. Undefined values will be read from PIO inputs during simulation.
Info: nios_system.key2: PIO inputs are not hardwired in test bench. Undefined values will be read from PIO inputs during simulation.
Info: nios_system.key3: PIO inputs are not hardwired in test bench. Undefined values will be read from PIO inputs during simulation.
Warning: nios_system.nios2_processor: Nios II Classic cores are now superseded by improved Gen 2 cores.
Info: nios_system: Generating nios_system "nios_system" for QUARTUS_SYNTH
Info: clocks: "nios_system" instantiated altera_up_avalon_sys_sdram_pll "clocks"
Info: hex: Starting RTL generation for module 'nios_system_hex'
Info: hex:   Generation command is [exec C:/altera/15.0/quartus/bin64/perl/bin/perl.exe -I C:/altera/15.0/quartus/bin64/perl/lib -I C:/altera/15.0/quartus/sopc_builder/bin/europa -I C:/altera/15.0/quartus/sopc_builder/bin/perl_lib -I C:/altera/15.0/quartus/sopc_builder/bin -I C:/altera/15.0/quartus/../ip/altera/sopc_builder_ip/common -I C:/altera/15.0/quartus/../ip/altera/sopc_builder_ip/altera_avalon_pio -- C:/altera/15.0/quartus/../ip/altera/sopc_builder_ip/altera_avalon_pio/generate_rtl.pl --name=nios_system_hex --dir=C:/Users/REX/AppData/Local/Temp/alt7554_5380817499955998092.dir/0032_hex_gen/ --quartus_dir=C:/altera/15.0/quartus --verilog --config=C:/Users/REX/AppData/Local/Temp/alt7554_5380817499955998092.dir/0032_hex_gen//nios_system_hex_component_configuration.pl  --do_build_sim=0  ]
Info: hex: Done RTL generation for module 'nios_system_hex'
Info: hex: "nios_system" instantiated altera_avalon_pio "hex"
Info: jtag_uart: Starting RTL generation for module 'nios_system_jtag_uart'
Info: jtag_uart:   Generation command is [exec C:/altera/15.0/quartus/bin64/perl/bin/perl.exe -I C:/altera/15.0/quartus/bin64/perl/lib -I C:/altera/15.0/quartus/sopc_builder/bin/europa -I C:/altera/15.0/quartus/sopc_builder/bin/perl_lib -I C:/altera/15.0/quartus/sopc_builder/bin -I C:/altera/15.0/quartus/../ip/altera/sopc_builder_ip/common -I C:/altera/15.0/quartus/../ip/altera/sopc_builder_ip/altera_avalon_jtag_uart -- C:/altera/15.0/quartus/../ip/altera/sopc_builder_ip/altera_avalon_jtag_uart/generate_rtl.pl --name=nios_system_jtag_uart --dir=C:/Users/REX/AppData/Local/Temp/alt7554_5380817499955998092.dir/0033_jtag_uart_gen/ --quartus_dir=C:/altera/15.0/quartus --verilog --config=C:/Users/REX/AppData/Local/Temp/alt7554_5380817499955998092.dir/0033_jtag_uart_gen//nios_system_jtag_uart_component_configuration.pl  --do_build_sim=0  ]
Info: jtag_uart: Done RTL generation for module 'nios_system_jtag_uart'
Info: jtag_uart: "nios_system" instantiated altera_avalon_jtag_uart "jtag_uart"
Info: key0: Starting RTL generation for module 'nios_system_key0'
Info: key0:   Generation command is [exec C:/altera/15.0/quartus/bin64/perl/bin/perl.exe -I C:/altera/15.0/quartus/bin64/perl/lib -I C:/altera/15.0/quartus/sopc_builder/bin/europa -I C:/altera/15.0/quartus/sopc_builder/bin/perl_lib -I C:/altera/15.0/quartus/sopc_builder/bin -I C:/altera/15.0/quartus/../ip/altera/sopc_builder_ip/common -I C:/altera/15.0/quartus/../ip/altera/sopc_builder_ip/altera_avalon_pio -- C:/altera/15.0/quartus/../ip/altera/sopc_builder_ip/altera_avalon_pio/generate_rtl.pl --name=nios_system_key0 --dir=C:/Users/REX/AppData/Local/Temp/alt7554_5380817499955998092.dir/0034_key0_gen/ --quartus_dir=C:/altera/15.0/quartus --verilog --config=C:/Users/REX/AppData/Local/Temp/alt7554_5380817499955998092.dir/0034_key0_gen//nios_system_key0_component_configuration.pl  --do_build_sim=0  ]
Info: key0: Done RTL generation for module 'nios_system_key0'
Info: key0: "nios_system" instantiated altera_avalon_pio "key0"
Info: nios2_processor: Starting RTL generation for module 'nios_system_nios2_processor'
Info: nios2_processor:   Generation command is [exec C:/altera/15.0/quartus/bin64/eperlcmd.exe -I C:/altera/15.0/quartus/bin64/perl/lib -I C:/altera/15.0/quartus/sopc_builder/bin/europa -I C:/altera/15.0/quartus/sopc_builder/bin/perl_lib -I C:/altera/15.0/quartus/sopc_builder/bin -I C:/altera/15.0/quartus/../ip/altera/nios2_ip/altera_nios2/cpu_lib -I C:/altera/15.0/quartus/../ip/altera/nios2_ip/altera_nios2/nios_lib -I C:/altera/15.0/quartus/../ip/altera/nios2_ip/altera_nios2 -I C:/altera/15.0/quartus/../ip/altera/nios2_ip/altera_nios2 -- C:/altera/15.0/quartus/../ip/altera/nios2_ip/altera_nios2/generate_rtl.epl --name=nios_system_nios2_processor --dir=C:/Users/REX/AppData/Local/Temp/alt7554_5380817499955998092.dir/0035_nios2_processor_gen/ --quartus_bindir=C:/altera/15.0/quartus/bin64 --verilog --config=C:/Users/REX/AppData/Local/Temp/alt7554_5380817499955998092.dir/0035_nios2_processor_gen//nios_system_nios2_processor_processor_configuration.pl  --do_build_sim=0  ]
Info: nios2_processor: # 2018.01.23 13:30:23 (*) Starting Nios II generation
Info: nios2_processor: # 2018.01.23 13:30:23 (*)   Checking for plaintext license.
Info: nios2_processor: # 2018.01.23 13:30:24 (*)   Couldn't query license setup in Quartus directory C:/altera/15.0/quartus/bin64
Info: nios2_processor: # 2018.01.23 13:30:24 (*)   Defaulting to contents of LM_LICENSE_FILE environment variable
Info: nios2_processor: # 2018.01.23 13:30:24 (*)   LM_LICENSE_FILE environment variable is empty
Info: nios2_processor: # 2018.01.23 13:30:24 (*)   Plaintext license not found.
Info: nios2_processor: # 2018.01.23 13:30:24 (*)   No license required to generate encrypted Nios II/e.
Info: nios2_processor: # 2018.01.23 13:30:24 (*)   Elaborating CPU configuration settings
Info: nios2_processor: # 2018.01.23 13:30:24 (*)   Creating all objects for CPU
Info: nios2_processor: # 2018.01.23 13:30:26 (*)   Generating RTL from CPU objects
Info: nios2_processor: # 2018.01.23 13:30:26 (*)   Creating plain-text RTL
Info: nios2_processor: # 2018.01.23 13:30:27 (*) Done Nios II generation
Info: nios2_processor: Done RTL generation for module 'nios_system_nios2_processor'
Info: nios2_processor: "nios_system" instantiated altera_nios2_qsys "nios2_processor"
Info: onchip_memory: Starting RTL generation for module 'nios_system_onchip_memory'
Info: onchip_memory:   Generation command is [exec C:/altera/15.0/quartus/bin64/perl/bin/perl.exe -I C:/altera/15.0/quartus/bin64/perl/lib -I C:/altera/15.0/quartus/sopc_builder/bin/europa -I C:/altera/15.0/quartus/sopc_builder/bin/perl_lib -I C:/altera/15.0/quartus/sopc_builder/bin -I C:/altera/15.0/quartus/../ip/altera/sopc_builder_ip/common -I C:/altera/15.0/quartus/../ip/altera/sopc_builder_ip/altera_avalon_onchip_memory2 -- C:/altera/15.0/quartus/../ip/altera/sopc_builder_ip/altera_avalon_onchip_memory2/generate_rtl.pl --name=nios_system_onchip_memory --dir=C:/Users/REX/AppData/Local/Temp/alt7554_5380817499955998092.dir/0036_onchip_memory_gen/ --quartus_dir=C:/altera/15.0/quartus --verilog --config=C:/Users/REX/AppData/Local/Temp/alt7554_5380817499955998092.dir/0036_onchip_memory_gen//nios_system_onchip_memory_component_configuration.pl  --do_build_sim=0  ]
Info: onchip_memory: Done RTL generation for module 'nios_system_onchip_memory'
Info: onchip_memory: "nios_system" instantiated altera_avalon_onchip_memory2 "onchip_memory"
Info: sdram: Starting RTL generation for module 'nios_system_sdram'
Info: sdram:   Generation command is [exec C:/altera/15.0/quartus/bin64/perl/bin/perl.exe -I C:/altera/15.0/quartus/bin64/perl/lib -I C:/altera/15.0/quartus/sopc_builder/bin/europa -I C:/altera/15.0/quartus/sopc_builder/bin/perl_lib -I C:/altera/15.0/quartus/sopc_builder/bin -I C:/altera/15.0/quartus/../ip/altera/sopc_builder_ip/common -I C:/altera/15.0/quartus/../ip/altera/sopc_builder_ip/altera_avalon_new_sdram_controller -- C:/altera/15.0/quartus/../ip/altera/sopc_builder_ip/altera_avalon_new_sdram_controller/generate_rtl.pl --name=nios_system_sdram --dir=C:/Users/REX/AppData/Local/Temp/alt7554_5380817499955998092.dir/0037_sdram_gen/ --quartus_dir=C:/altera/15.0/quartus --verilog --config=C:/Users/REX/AppData/Local/Temp/alt7554_5380817499955998092.dir/0037_sdram_gen//nios_system_sdram_component_configuration.pl  --do_build_sim=0  ]
Info: sdram: Done RTL generation for module 'nios_system_sdram'
Info: sdram: "nios_system" instantiated altera_avalon_new_sdram_controller "sdram"
Info: avalon_st_adapter: Inserting error_adapter: error_adapter_0
Info: avalon_st_adapter_001: Inserting error_adapter: error_adapter_0
Info: avalon_st_adapter_002: Inserting error_adapter: error_adapter_0
Info: avalon_st_adapter_003: Inserting error_adapter: error_adapter_0
Info: avalon_st_adapter_004: Inserting error_adapter: error_adapter_0
Info: avalon_st_adapter_005: Inserting error_adapter: error_adapter_0
Info: avalon_st_adapter_006: Inserting error_adapter: error_adapter_0
Info: avalon_st_adapter_007: Inserting error_adapter: error_adapter_0
Info: avalon_st_adapter_008: Inserting error_adapter: error_adapter_0
Info: mm_interconnect_0: "nios_system" instantiated altera_mm_interconnect "mm_interconnect_0"
Info: irq_mapper: "nios_system" instantiated altera_irq_mapper "irq_mapper"
Info: rst_controller: "nios_system" instantiated altera_reset_controller "rst_controller"
Info: sys_pll: "clocks" instantiated altera_pll "sys_pll"
Info: reset_from_locked: "clocks" instantiated altera_up_avalon_reset_from_locked_signal "reset_from_locked"
Info: nios2_processor_data_master_translator: "mm_interconnect_0" instantiated altera_merlin_master_translator "nios2_processor_data_master_translator"
Info: jtag_uart_avalon_jtag_slave_translator: "mm_interconnect_0" instantiated altera_merlin_slave_translator "jtag_uart_avalon_jtag_slave_translator"
Info: nios2_processor_data_master_agent: "mm_interconnect_0" instantiated altera_merlin_master_agent "nios2_processor_data_master_agent"
Info: jtag_uart_avalon_jtag_slave_agent: "mm_interconnect_0" instantiated altera_merlin_slave_agent "jtag_uart_avalon_jtag_slave_agent"
Info: jtag_uart_avalon_jtag_slave_agent_rsp_fifo: "mm_interconnect_0" instantiated altera_avalon_sc_fifo "jtag_uart_avalon_jtag_slave_agent_rsp_fifo"
Info: router: "mm_interconnect_0" instantiated altera_merlin_router "router"
Info: router_001: "mm_interconnect_0" instantiated altera_merlin_router "router_001"
Info: router_002: "mm_interconnect_0" instantiated altera_merlin_router "router_002"
Info: router_003: "mm_interconnect_0" instantiated altera_merlin_router "router_003"
Info: router_007: "mm_interconnect_0" instantiated altera_merlin_router "router_007"
Info: sdram_s1_burst_adapter: "mm_interconnect_0" instantiated altera_merlin_burst_adapter "sdram_s1_burst_adapter"
Info: cmd_demux: "mm_interconnect_0" instantiated altera_merlin_demultiplexer "cmd_demux"
Info: cmd_demux_001: "mm_interconnect_0" instantiated altera_merlin_demultiplexer "cmd_demux_001"
Info: cmd_mux: "mm_interconnect_0" instantiated altera_merlin_multiplexer "cmd_mux"
Info: cmd_mux_001: "mm_interconnect_0" instantiated altera_merlin_multiplexer "cmd_mux_001"
Info: Reusing file C:/altera/15.0/ex11/nios_system/synthesis/submodules/altera_merlin_arbitrator.sv
Info: rsp_demux: "mm_interconnect_0" instantiated altera_merlin_demultiplexer "rsp_demux"
Info: rsp_demux_001: "mm_interconnect_0" instantiated altera_merlin_demultiplexer "rsp_demux_001"
Info: rsp_mux: "mm_interconnect_0" instantiated altera_merlin_multiplexer "rsp_mux"
Info: Reusing file C:/altera/15.0/ex11/nios_system/synthesis/submodules/altera_merlin_arbitrator.sv
Info: rsp_mux_001: "mm_interconnect_0" instantiated altera_merlin_multiplexer "rsp_mux_001"
Info: Reusing file C:/altera/15.0/ex11/nios_system/synthesis/submodules/altera_merlin_arbitrator.sv
Info: sdram_s1_rsp_width_adapter: "mm_interconnect_0" instantiated altera_merlin_width_adapter "sdram_s1_rsp_width_adapter"
Info: Reusing file C:/altera/15.0/ex11/nios_system/synthesis/submodules/altera_merlin_address_alignment.sv
Info: Reusing file C:/altera/15.0/ex11/nios_system/synthesis/submodules/altera_merlin_burst_uncompressor.sv
Info: avalon_st_adapter: "mm_interconnect_0" instantiated altera_avalon_st_adapter "avalon_st_adapter"
Info: avalon_st_adapter_005: "mm_interconnect_0" instantiated altera_avalon_st_adapter "avalon_st_adapter_005"
Info: error_adapter_0: "avalon_st_adapter" instantiated error_adapter "error_adapter_0"
Info: error_adapter_0: "avalon_st_adapter_005" instantiated error_adapter "error_adapter_0"
Info: nios_system: Done "nios_system" with 37 modules, 61 files
Info: ip-generate succeeded.
Info: Finished: Create HDL design files for synthesis
