14:58:22 **** Incremental Build of configuration Nios II for project hello_world ****
make all 
Info: Building ../hello_world_bsp/
Z:/Programs/altera/15.0/nios2eds/bin/gnu/H-x86_64-mingw32/bin/make --no-print-directory -C ../hello_world_bsp/
Compiling alt_alarm_start.c...
nios2-elf-gcc -xc -MP -MMD -c  -I./HAL/inc -I. -I./drivers/inc -pipe -D__hal__ -DALT_NO_INSTRUCTION_EMULATION -DALT_SINGLE_THREADED    -O0 -g -Wall  -mno-hw-div -mno-hw-mul -mno-hw-mulx   -o obj/HAL/src/alt_alarm_start.o HAL/src/alt_alarm_start.c
Compiling alt_busy_sleep.c...
nios2-elf-gcc -xc -MP -MMD -c  -I./HAL/inc -I. -I./drivers/inc -pipe -D__hal__ -DALT_NO_INSTRUCTION_EMULATION -DALT_SINGLE_THREADED    -O0 -g -Wall  -mno-hw-div -mno-hw-mul -mno-hw-mulx   -o obj/HAL/src/alt_busy_sleep.o HAL/src/alt_busy_sleep.c
Compiling alt_close.c...
nios2-elf-gcc -xc -MP -MMD -c  -I./HAL/inc -I. -I./drivers/inc -pipe -D__hal__ -DALT_NO_INSTRUCTION_EMULATION -DALT_SINGLE_THREADED    -O0 -g -Wall  -mno-hw-div -mno-hw-mul -mno-hw-mulx   -o obj/HAL/src/alt_close.o HAL/src/alt_close.c
Compiling alt_dcache_flush.c...
nios2-elf-gcc -xc -MP -MMD -c  -I./HAL/inc -I. -I./drivers/inc -pipe -D__hal__ -DALT_NO_INSTRUCTION_EMULATION -DALT_SINGLE_THREADED    -O0 -g -Wall  -mno-hw-div -mno-hw-mul -mno-hw-mulx   -o obj/HAL/src/alt_dcache_flush.o HAL/src/alt_dcache_flush.c
Compiling alt_dcache_flush_all.c...
nios2-elf-gcc -xc -MP -MMD -c  -I./HAL/inc -I. -I./drivers/inc -pipe -D__hal__ -DALT_NO_INSTRUCTION_EMULATION -DALT_SINGLE_THREADED    -O0 -g -Wall  -mno-hw-div -mno-hw-mul -mno-hw-mulx   -o obj/HAL/src/alt_dcache_flush_all.o HAL/src/alt_dcache_flush_all.c
Compiling alt_dcache_flush_no_writeback.c...
nios2-elf-gcc -xc -MP -MMD -c  -I./HAL/inc -I. -I./drivers/inc -pipe -D__hal__ -DALT_NO_INSTRUCTION_EMULATION -DALT_SINGLE_THREADED    -O0 -g -Wall  -mno-hw-div -mno-hw-mul -mno-hw-mulx   -o obj/HAL/src/alt_dcache_flush_no_writeback.o HAL/src/alt_dcache_flush_no_writeback.c
Compiling alt_dev.c...
nios2-elf-gcc -xc -MP -MMD -c  -I./HAL/inc -I. -I./drivers/inc -pipe -D__hal__ -DALT_NO_INSTRUCTION_EMULATION -DALT_SINGLE_THREADED    -O0 -g -Wall  -mno-hw-div -mno-hw-mul -mno-hw-mulx   -o obj/HAL/src/alt_dev.o HAL/src/alt_dev.c
Compiling alt_dma_rxchan_open.c...
nios2-elf-gcc -xc -MP -MMD -c  -I./HAL/inc -I. -I./drivers/inc -pipe -D__hal__ -DALT_NO_INSTRUCTION_EMULATION -DALT_SINGLE_THREADED    -O0 -g -Wall  -mno-hw-div -mno-hw-mul -mno-hw-mulx   -o obj/HAL/src/alt_dma_rxchan_open.o HAL/src/alt_dma_rxchan_open.c
Compiling alt_dma_txchan_open.c...
nios2-elf-gcc -xc -MP -MMD -c  -I./HAL/inc -I. -I./drivers/inc -pipe -D__hal__ -DALT_NO_INSTRUCTION_EMULATION -DALT_SINGLE_THREADED    -O0 -g -Wall  -mno-hw-div -mno-hw-mul -mno-hw-mulx   -o obj/HAL/src/alt_dma_txchan_open.o HAL/src/alt_dma_txchan_open.c
Compiling alt_ecc_fatal_exception.c...
nios2-elf-gcc -xc -MP -MMD -c  -I./HAL/inc -I. -I./drivers/inc -pipe -D__hal__ -DALT_NO_INSTRUCTION_EMULATION -DALT_SINGLE_THREADED    -O0 -g -Wall  -mno-hw-div -mno-hw-mul -mno-hw-mulx   -o obj/HAL/src/alt_ecc_fatal_exception.o HAL/src/alt_ecc_fatal_exception.c
Compiling alt_exception_entry.S...
nios2-elf-gcc -MP -MMD -c   -O0 -g -Wall  -mno-hw-div -mno-hw-mul -mno-hw-mulx    -I./HAL/inc -I. -I./drivers/inc -pipe -D__hal__ -DALT_NO_INSTRUCTION_EMULATION -DALT_SINGLE_THREADED  -Wa,-gdwarf2  -o obj/HAL/src/alt_exception_entry.o HAL/src/alt_exception_entry.S
Compiling alt_exit.c...
nios2-elf-gcc -xc -MP -MMD -c  -I./HAL/inc -I. -I./drivers/inc -pipe -D__hal__ -DALT_NO_INSTRUCTION_EMULATION -DALT_SINGLE_THREADED    -O0 -g -Wall  -mno-hw-div -mno-hw-mul -mno-hw-mulx   -o obj/HAL/src/alt_exit.o HAL/src/alt_exit.c
Compiling alt_fcntl.c...
nios2-elf-gcc -xc -MP -MMD -c  -I./HAL/inc -I. -I./drivers/inc -pipe -D__hal__ -DALT_NO_INSTRUCTION_EMULATION -DALT_SINGLE_THREADED    -O0 -g -Wall  -mno-hw-div -mno-hw-mul -mno-hw-mulx   -o obj/HAL/src/alt_fcntl.o HAL/src/alt_fcntl.c
Compiling alt_fd_lock.c...
nios2-elf-gcc -xc -MP -MMD -c  -I./HAL/inc -I. -I./drivers/inc -pipe -D__hal__ -DALT_NO_INSTRUCTION_EMULATION -DALT_SINGLE_THREADED    -O0 -g -Wall  -mno-hw-div -mno-hw-mul -mno-hw-mulx   -o obj/HAL/src/alt_fd_lock.o HAL/src/alt_fd_lock.c
Compiling alt_fd_unlock.c...
nios2-elf-gcc -xc -MP -MMD -c  -I./HAL/inc -I. -I./drivers/inc -pipe -D__hal__ -DALT_NO_INSTRUCTION_EMULATION -DALT_SINGLE_THREADED    -O0 -g -Wall  -mno-hw-div -mno-hw-mul -mno-hw-mulx   -o obj/HAL/src/alt_fd_unlock.o HAL/src/alt_fd_unlock.c
Compiling alt_find_dev.c...
nios2-elf-gcc -xc -MP -MMD -c  -I./HAL/inc -I. -I./drivers/inc -pipe -D__hal__ -DALT_NO_INSTRUCTION_EMULATION -DALT_SINGLE_THREADED    -O0 -g -Wall  -mno-hw-div -mno-hw-mul -mno-hw-mulx   -o obj/HAL/src/alt_find_dev.o HAL/src/alt_find_dev.c
Compiling alt_find_file.c...
nios2-elf-gcc -xc -MP -MMD -c  -I./HAL/inc -I. -I./drivers/inc -pipe -D__hal__ -DALT_NO_INSTRUCTION_EMULATION -DALT_SINGLE_THREADED    -O0 -g -Wall  -mno-hw-div -mno-hw-mul -mno-hw-mulx   -o obj/HAL/src/alt_find_file.o HAL/src/alt_find_file.c
Compiling alt_flash_dev.c...
nios2-elf-gcc -xc -MP -MMD -c  -I./HAL/inc -I. -I./drivers/inc -pipe -D__hal__ -DALT_NO_INSTRUCTION_EMULATION -DALT_SINGLE_THREADED    -O0 -g -Wall  -mno-hw-div -mno-hw-mul -mno-hw-mulx   -o obj/HAL/src/alt_flash_dev.o HAL/src/alt_flash_dev.c
Compiling alt_fs_reg.c...
nios2-elf-gcc -xc -MP -MMD -c  -I./HAL/inc -I. -I./drivers/inc -pipe -D__hal__ -DALT_NO_INSTRUCTION_EMULATION -DALT_SINGLE_THREADED    -O0 -g -Wall  -mno-hw-div -mno-hw-mul -mno-hw-mulx   -o obj/HAL/src/alt_fs_reg.o HAL/src/alt_fs_reg.c
Compiling alt_fstat.c...
nios2-elf-gcc -xc -MP -MMD -c  -I./HAL/inc -I. -I./drivers/inc -pipe -D__hal__ -DALT_NO_INSTRUCTION_EMULATION -DALT_SINGLE_THREADED    -O0 -g -Wall  -mno-hw-div -mno-hw-mul -mno-hw-mulx   -o obj/HAL/src/alt_fstat.o HAL/src/alt_fstat.c
Compiling alt_get_fd.c...
nios2-elf-gcc -xc -MP -MMD -c  -I./HAL/inc -I. -I./drivers/inc -pipe -D__hal__ -DALT_NO_INSTRUCTION_EMULATION -DALT_SINGLE_THREADED    -O0 -g -Wall  -mno-hw-div -mno-hw-mul -mno-hw-mulx   -o obj/HAL/src/alt_get_fd.o HAL/src/alt_get_fd.c
Compiling alt_gmon.c...
nios2-elf-gcc -xc -MP -MMD -c  -I./HAL/inc -I. -I./drivers/inc -pipe -D__hal__ -DALT_NO_INSTRUCTION_EMULATION -DALT_SINGLE_THREADED    -O0 -g -Wall  -mno-hw-div -mno-hw-mul -mno-hw-mulx   -o obj/HAL/src/alt_gmon.o HAL/src/alt_gmon.c
Compiling alt_icache_flush.c...
nios2-elf-gcc -xc -MP -MMD -c  -I./HAL/inc -I. -I./drivers/inc -pipe -D__hal__ -DALT_NO_INSTRUCTION_EMULATION -DALT_SINGLE_THREADED    -O0 -g -Wall  -mno-hw-div -mno-hw-mul -mno-hw-mulx   -o obj/HAL/src/alt_icache_flush.o HAL/src/alt_icache_flush.c
Compiling alt_icache_flush_all.c...
nios2-elf-gcc -xc -MP -MMD -c  -I./HAL/inc -I. -I./drivers/inc -pipe -D__hal__ -DALT_NO_INSTRUCTION_EMULATION -DALT_SINGLE_THREADED    -O0 -g -Wall  -mno-hw-div -mno-hw-mul -mno-hw-mulx   -o obj/HAL/src/alt_icache_flush_all.o HAL/src/alt_icache_flush_all.c
Compiling alt_iic.c...
nios2-elf-gcc -xc -MP -MMD -c  -I./HAL/inc -I. -I./drivers/inc -pipe -D__hal__ -DALT_NO_INSTRUCTION_EMULATION -DALT_SINGLE_THREADED    -O0 -g -Wall  -mno-hw-div -mno-hw-mul -mno-hw-mulx   -o obj/HAL/src/alt_iic.o HAL/src/alt_iic.c
Compiling alt_iic_isr_register.c...
nios2-elf-gcc -xc -MP -MMD -c  -I./HAL/inc -I. -I./drivers/inc -pipe -D__hal__ -DALT_NO_INSTRUCTION_EMULATION -DALT_SINGLE_THREADED    -O0 -g -Wall  -mno-hw-div -mno-hw-mul -mno-hw-mulx   -o obj/HAL/src/alt_iic_isr_register.o HAL/src/alt_iic_isr_register.c
Compiling alt_instruction_exception_entry.c...
nios2-elf-gcc -xc -MP -MMD -c  -I./HAL/inc -I. -I./drivers/inc -pipe -D__hal__ -DALT_NO_INSTRUCTION_EMULATION -DALT_SINGLE_THREADED    -O0 -g -Wall  -mno-hw-div -mno-hw-mul -mno-hw-mulx   -o obj/HAL/src/alt_instruction_exception_entry.o HAL/src/alt_instruction_exception_entry.c
Compiling alt_instruction_exception_register.c...
nios2-elf-gcc -xc -MP -MMD -c  -I./HAL/inc -I. -I./drivers/inc -pipe -D__hal__ -DALT_NO_INSTRUCTION_EMULATION -DALT_SINGLE_THREADED    -O0 -g -Wall  -mno-hw-div -mno-hw-mul -mno-hw-mulx   -o obj/HAL/src/alt_instruction_exception_register.o HAL/src/alt_instruction_exception_register.c
Compiling alt_io_redirect.c...
nios2-elf-gcc -xc -MP -MMD -c  -I./HAL/inc -I. -I./drivers/inc -pipe -D__hal__ -DALT_NO_INSTRUCTION_EMULATION -DALT_SINGLE_THREADED    -O0 -g -Wall  -mno-hw-div -mno-hw-mul -mno-hw-mulx   -o obj/HAL/src/alt_io_redirect.o HAL/src/alt_io_redirect.c
Compiling alt_ioctl.c...
nios2-elf-gcc -xc -MP -MMD -c  -I./HAL/inc -I. -I./drivers/inc -pipe -D__hal__ -DALT_NO_INSTRUCTION_EMULATION -DALT_SINGLE_THREADED    -O0 -g -Wall  -mno-hw-div -mno-hw-mul -mno-hw-mulx   -o obj/HAL/src/alt_ioctl.o HAL/src/alt_ioctl.c
Compiling alt_irq_entry.S...
nios2-elf-gcc -MP -MMD -c   -O0 -g -Wall  -mno-hw-div -mno-hw-mul -mno-hw-mulx    -I./HAL/inc -I. -I./drivers/inc -pipe -D__hal__ -DALT_NO_INSTRUCTION_EMULATION -DALT_SINGLE_THREADED  -Wa,-gdwarf2  -o obj/HAL/src/alt_irq_entry.o HAL/src/alt_irq_entry.S
Compiling alt_irq_handler.c...
nios2-elf-gcc -xc -MP -MMD -c  -I./HAL/inc -I. -I./drivers/inc -pipe -D__hal__ -DALT_NO_INSTRUCTION_EMULATION -DALT_SINGLE_THREADED    -O0 -g -Wall  -mno-hw-div -mno-hw-mul -mno-hw-mulx   -o obj/HAL/src/alt_irq_handler.o HAL/src/alt_irq_handler.c
Compiling alt_irq_register.c...
nios2-elf-gcc -xc -MP -MMD -c  -I./HAL/inc -I. -I./drivers/inc -pipe -D__hal__ -DALT_NO_INSTRUCTION_EMULATION -DALT_SINGLE_THREADED    -O0 -g -Wall  -mno-hw-div -mno-hw-mul -mno-hw-mulx   -o obj/HAL/src/alt_irq_register.o HAL/src/alt_irq_register.c
Compiling alt_irq_vars.c...
nios2-elf-gcc -xc -MP -MMD -c  -I./HAL/inc -I. -I./drivers/inc -pipe -D__hal__ -DALT_NO_INSTRUCTION_EMULATION -DALT_SINGLE_THREADED    -O0 -g -Wall  -mno-hw-div -mno-hw-mul -mno-hw-mulx   -o obj/HAL/src/alt_irq_vars.o HAL/src/alt_irq_vars.c
Compiling alt_isatty.c...
nios2-elf-gcc -xc -MP -MMD -c  -I./HAL/inc -I. -I./drivers/inc -pipe -D__hal__ -DALT_NO_INSTRUCTION_EMULATION -DALT_SINGLE_THREADED    -O0 -g -Wall  -mno-hw-div -mno-hw-mul -mno-hw-mulx   -o obj/HAL/src/alt_isatty.o HAL/src/alt_isatty.c
Compiling alt_lseek.c...
nios2-elf-gcc -xc -MP -MMD -c  -I./HAL/inc -I. -I./drivers/inc -pipe -D__hal__ -DALT_NO_INSTRUCTION_EMULATION -DALT_SINGLE_THREADED    -O0 -g -Wall  -mno-hw-div -mno-hw-mul -mno-hw-mulx   -o obj/HAL/src/alt_lseek.o HAL/src/alt_lseek.c
Compiling alt_main.c...
nios2-elf-gcc -xc -MP -MMD -c  -I./HAL/inc -I. -I./drivers/inc -pipe -D__hal__ -DALT_NO_INSTRUCTION_EMULATION -DALT_SINGLE_THREADED    -O0 -g -Wall  -mno-hw-div -mno-hw-mul -mno-hw-mulx   -o obj/HAL/src/alt_main.o HAL/src/alt_main.c
Compiling alt_open.c...
nios2-elf-gcc -xc -MP -MMD -c  -I./HAL/inc -I. -I./drivers/inc -pipe -D__hal__ -DALT_NO_INSTRUCTION_EMULATION -DALT_SINGLE_THREADED    -O0 -g -Wall  -mno-hw-div -mno-hw-mul -mno-hw-mulx   -o obj/HAL/src/alt_open.o HAL/src/alt_open.c
Compiling alt_read.c...
nios2-elf-gcc -xc -MP -MMD -c  -I./HAL/inc -I. -I./drivers/inc -pipe -D__hal__ -DALT_NO_INSTRUCTION_EMULATION -DALT_SINGLE_THREADED    -O0 -g -Wall  -mno-hw-div -mno-hw-mul -mno-hw-mulx   -o obj/HAL/src/alt_read.o HAL/src/alt_read.c
Compiling alt_release_fd.c...
nios2-elf-gcc -xc -MP -MMD -c  -I./HAL/inc -I. -I./drivers/inc -pipe -D__hal__ -DALT_NO_INSTRUCTION_EMULATION -DALT_SINGLE_THREADED    -O0 -g -Wall  -mno-hw-div -mno-hw-mul -mno-hw-mulx   -o obj/HAL/src/alt_release_fd.o HAL/src/alt_release_fd.c
Compiling alt_remap_cached.c...
nios2-elf-gcc -xc -MP -MMD -c  -I./HAL/inc -I. -I./drivers/inc -pipe -D__hal__ -DALT_NO_INSTRUCTION_EMULATION -DALT_SINGLE_THREADED    -O0 -g -Wall  -mno-hw-div -mno-hw-mul -mno-hw-mulx   -o obj/HAL/src/alt_remap_cached.o HAL/src/alt_remap_cached.c
Compiling alt_remap_uncached.c...
nios2-elf-gcc -xc -MP -MMD -c  -I./HAL/inc -I. -I./drivers/inc -pipe -D__hal__ -DALT_NO_INSTRUCTION_EMULATION -DALT_SINGLE_THREADED    -O0 -g -Wall  -mno-hw-div -mno-hw-mul -mno-hw-mulx   -o obj/HAL/src/alt_remap_uncached.o HAL/src/alt_remap_uncached.c
Compiling alt_sbrk.c...
nios2-elf-gcc -xc -MP -MMD -c  -I./HAL/inc -I. -I./drivers/inc -pipe -D__hal__ -DALT_NO_INSTRUCTION_EMULATION -DALT_SINGLE_THREADED    -O0 -g -Wall  -mno-hw-div -mno-hw-mul -mno-hw-mulx   -o obj/HAL/src/alt_sbrk.o HAL/src/alt_sbrk.c
Compiling alt_software_exception.S...
nios2-elf-gcc -MP -MMD -c   -O0 -g -Wall  -mno-hw-div -mno-hw-mul -mno-hw-mulx    -I./HAL/inc -I. -I./drivers/inc -pipe -D__hal__ -DALT_NO_INSTRUCTION_EMULATION -DALT_SINGLE_THREADED  -Wa,-gdwarf2  -o obj/HAL/src/alt_software_exception.o HAL/src/alt_software_exception.S
Compiling alt_tick.c...
nios2-elf-gcc -xc -MP -MMD -c  -I./HAL/inc -I. -I./drivers/inc -pipe -D__hal__ -DALT_NO_INSTRUCTION_EMULATION -DALT_SINGLE_THREADED    -O0 -g -Wall  -mno-hw-div -mno-hw-mul -mno-hw-mulx   -o obj/HAL/src/alt_tick.o HAL/src/alt_tick.c
Compiling alt_uncached_free.c...
nios2-elf-gcc -xc -MP -MMD -c  -I./HAL/inc -I. -I./drivers/inc -pipe -D__hal__ -DALT_NO_INSTRUCTION_EMULATION -DALT_SINGLE_THREADED    -O0 -g -Wall  -mno-hw-div -mno-hw-mul -mno-hw-mulx   -o obj/HAL/src/alt_uncached_free.o HAL/src/alt_uncached_free.c
Compiling alt_uncached_malloc.c...
nios2-elf-gcc -xc -MP -MMD -c  -I./HAL/inc -I. -I./drivers/inc -pipe -D__hal__ -DALT_NO_INSTRUCTION_EMULATION -DALT_SINGLE_THREADED    -O0 -g -Wall  -mno-hw-div -mno-hw-mul -mno-hw-mulx   -o obj/HAL/src/alt_uncached_malloc.o HAL/src/alt_uncached_malloc.c
Compiling alt_write.c...
nios2-elf-gcc -xc -MP -MMD -c  -I./HAL/inc -I. -I./drivers/inc -pipe -D__hal__ -DALT_NO_INSTRUCTION_EMULATION -DALT_SINGLE_THREADED    -O0 -g -Wall  -mno-hw-div -mno-hw-mul -mno-hw-mulx   -o obj/HAL/src/alt_write.o HAL/src/alt_write.c
Compiling altera_nios2_qsys_irq.c...
nios2-elf-gcc -xc -MP -MMD -c  -I./HAL/inc -I. -I./drivers/inc -pipe -D__hal__ -DALT_NO_INSTRUCTION_EMULATION -DALT_SINGLE_THREADED    -O0 -g -Wall  -mno-hw-div -mno-hw-mul -mno-hw-mulx   -o obj/HAL/src/altera_nios2_qsys_irq.o HAL/src/altera_nios2_qsys_irq.c
Compiling crt0.S...
nios2-elf-gcc -MP -MMD -c   -O0 -g -Wall  -mno-hw-div -mno-hw-mul -mno-hw-mulx    -I./HAL/inc -I. -I./drivers/inc -pipe -D__hal__ -DALT_NO_INSTRUCTION_EMULATION -DALT_SINGLE_THREADED  -Wa,-gdwarf2  -o obj/HAL/src/crt0.o HAL/src/crt0.S
Compiling alt_sys_init.c...
nios2-elf-gcc -xc -MP -MMD -c  -I./HAL/inc -I. -I./drivers/inc -pipe -D__hal__ -DALT_NO_INSTRUCTION_EMULATION -DALT_SINGLE_THREADED    -O0 -g -Wall  -mno-hw-div -mno-hw-mul -mno-hw-mulx   -o obj/alt_sys_init.o alt_sys_init.c
Compiling altera_avalon_jtag_uart_fd.c...
nios2-elf-gcc -xc -MP -MMD -c  -I./HAL/inc -I. -I./drivers/inc -pipe -D__hal__ -DALT_NO_INSTRUCTION_EMULATION -DALT_SINGLE_THREADED    -O0 -g -Wall  -mno-hw-div -mno-hw-mul -mno-hw-mulx   -o obj/drivers/src/altera_avalon_jtag_uart_fd.o drivers/src/altera_avalon_jtag_uart_fd.c
Compiling altera_avalon_jtag_uart_init.c...
nios2-elf-gcc -xc -MP -MMD -c  -I./HAL/inc -I. -I./drivers/inc -pipe -D__hal__ -DALT_NO_INSTRUCTION_EMULATION -DALT_SINGLE_THREADED    -O0 -g -Wall  -mno-hw-div -mno-hw-mul -mno-hw-mulx   -o obj/drivers/src/altera_avalon_jtag_uart_init.o drivers/src/altera_avalon_jtag_uart_init.c
Compiling altera_avalon_jtag_uart_ioctl.c...
nios2-elf-gcc -xc -MP -MMD -c  -I./HAL/inc -I. -I./drivers/inc -pipe -D__hal__ -DALT_NO_INSTRUCTION_EMULATION -DALT_SINGLE_THREADED    -O0 -g -Wall  -mno-hw-div -mno-hw-mul -mno-hw-mulx   -o obj/drivers/src/altera_avalon_jtag_uart_ioctl.o drivers/src/altera_avalon_jtag_uart_ioctl.c
Compiling altera_avalon_jtag_uart_read.c...
nios2-elf-gcc -xc -MP -MMD -c  -I./HAL/inc -I. -I./drivers/inc -pipe -D__hal__ -DALT_NO_INSTRUCTION_EMULATION -DALT_SINGLE_THREADED    -O0 -g -Wall  -mno-hw-div -mno-hw-mul -mno-hw-mulx   -o obj/drivers/src/altera_avalon_jtag_uart_read.o drivers/src/altera_avalon_jtag_uart_read.c
Compiling altera_avalon_jtag_uart_write.c...
nios2-elf-gcc -xc -MP -MMD -c  -I./HAL/inc -I. -I./drivers/inc -pipe -D__hal__ -DALT_NO_INSTRUCTION_EMULATION -DALT_SINGLE_THREADED    -O0 -g -Wall  -mno-hw-div -mno-hw-mul -mno-hw-mulx   -o obj/drivers/src/altera_avalon_jtag_uart_write.o drivers/src/altera_avalon_jtag_uart_write.c
Compiling altera_avalon_timer_sc.c...
nios2-elf-gcc -xc -MP -MMD -c  -I./HAL/inc -I. -I./drivers/inc -pipe -D__hal__ -DALT_NO_INSTRUCTION_EMULATION -DALT_SINGLE_THREADED    -O0 -g -Wall  -mno-hw-div -mno-hw-mul -mno-hw-mulx   -o obj/drivers/src/altera_avalon_timer_sc.o drivers/src/altera_avalon_timer_sc.c
Compiling altera_avalon_timer_ts.c...
nios2-elf-gcc -xc -MP -MMD -c  -I./HAL/inc -I. -I./drivers/inc -pipe -D__hal__ -DALT_NO_INSTRUCTION_EMULATION -DALT_SINGLE_THREADED    -O0 -g -Wall  -mno-hw-div -mno-hw-mul -mno-hw-mulx   -o obj/drivers/src/altera_avalon_timer_ts.o drivers/src/altera_avalon_timer_ts.c
Compiling altera_avalon_timer_vars.c...
nios2-elf-gcc -xc -MP -MMD -c  -I./HAL/inc -I. -I./drivers/inc -pipe -D__hal__ -DALT_NO_INSTRUCTION_EMULATION -DALT_SINGLE_THREADED    -O0 -g -Wall  -mno-hw-div -mno-hw-mul -mno-hw-mulx   -o obj/drivers/src/altera_avalon_timer_vars.o drivers/src/altera_avalon_timer_vars.c
Compiling altera_avalon_uart_fd.c...
nios2-elf-gcc -xc -MP -MMD -c  -I./HAL/inc -I. -I./drivers/inc -pipe -D__hal__ -DALT_NO_INSTRUCTION_EMULATION -DALT_SINGLE_THREADED    -O0 -g -Wall  -mno-hw-div -mno-hw-mul -mno-hw-mulx   -o obj/drivers/src/altera_avalon_uart_fd.o drivers/src/altera_avalon_uart_fd.c
Compiling altera_avalon_uart_init.c...
nios2-elf-gcc -xc -MP -MMD -c  -I./HAL/inc -I. -I./drivers/inc -pipe -D__hal__ -DALT_NO_INSTRUCTION_EMULATION -DALT_SINGLE_THREADED    -O0 -g -Wall  -mno-hw-div -mno-hw-mul -mno-hw-mulx   -o obj/drivers/src/altera_avalon_uart_init.o drivers/src/altera_avalon_uart_init.c
Compiling altera_avalon_uart_ioctl.c...
nios2-elf-gcc -xc -MP -MMD -c  -I./HAL/inc -I. -I./drivers/inc -pipe -D__hal__ -DALT_NO_INSTRUCTION_EMULATION -DALT_SINGLE_THREADED    -O0 -g -Wall  -mno-hw-div -mno-hw-mul -mno-hw-mulx   -o obj/drivers/src/altera_avalon_uart_ioctl.o drivers/src/altera_avalon_uart_ioctl.c
Compiling altera_avalon_uart_read.c...
nios2-elf-gcc -xc -MP -MMD -c  -I./HAL/inc -I. -I./drivers/inc -pipe -D__hal__ -DALT_NO_INSTRUCTION_EMULATION -DALT_SINGLE_THREADED    -O0 -g -Wall  -mno-hw-div -mno-hw-mul -mno-hw-mulx   -o obj/drivers/src/altera_avalon_uart_read.o drivers/src/altera_avalon_uart_read.c
Compiling altera_avalon_uart_write.c...
nios2-elf-gcc -xc -MP -MMD -c  -I./HAL/inc -I. -I./drivers/inc -pipe -D__hal__ -DALT_NO_INSTRUCTION_EMULATION -DALT_SINGLE_THREADED    -O0 -g -Wall  -mno-hw-div -mno-hw-mul -mno-hw-mulx   -o obj/drivers/src/altera_avalon_uart_write.o drivers/src/altera_avalon_uart_write.c
Creating libhal_bsp.a...
rm -f -f libhal_bsp.a
nios2-elf-ar -src libhal_bsp.a obj/HAL/src/alt_alarm_start.o obj/HAL/src/alt_busy_sleep.o obj/HAL/src/alt_close.o obj/HAL/src/alt_dcache_flush.o obj/HAL/src/alt_dcache_flush_all.o obj/HAL/src/alt_dcache_flush_no_writeback.o obj/HAL/src/alt_dev.o obj/HAL/src/alt_dev_llist_insert.o obj/HAL/src/alt_dma_rxchan_open.o obj/HAL/src/alt_dma_txchan_open.o obj/HAL/src/alt_do_ctors.o obj/HAL/src/alt_do_dtors.o obj/HAL/src/alt_ecc_fatal_entry.o obj/HAL/src/alt_ecc_fatal_exception.o obj/HAL/src/alt_env_lock.o obj/HAL/src/alt_environ.o obj/HAL/src/alt_errno.o obj/HAL/src/alt_exception_entry.o obj/HAL/src/alt_exception_muldiv.o obj/HAL/src/alt_exception_trap.o obj/HAL/src/alt_execve.o obj/HAL/src/alt_exit.o obj/HAL/src/alt_fcntl.o obj/HAL/src/alt_fd_lock.o obj/HAL/src/alt_fd_unlock.o obj/HAL/src/alt_find_dev.o obj/HAL/src/alt_find_file.o obj/HAL/src/alt_flash_dev.o obj/HAL/src/alt_fork.o obj/HAL/src/alt_fs_reg.o obj/HAL/src/alt_fstat.o obj/HAL/src/alt_get_fd.o obj/HAL/src/alt_getchar.o obj/HAL/src/alt_getpid.o obj/HAL/src/alt_gettod.o obj/HAL/src/alt_gmon.o obj/HAL/src/alt_icache_flush.o obj/HAL/src/alt_icache_flush_all.o obj/HAL/src/alt_iic.o obj/HAL/src/alt_iic_isr_register.o obj/HAL/src/alt_instruction_exception_entry.o obj/HAL/src/alt_instruction_exception_register.o obj/HAL/src/alt_io_redirect.o obj/HAL/src/alt_ioctl.o obj/HAL/src/alt_irq_entry.o obj/HAL/src/alt_irq_handler.o obj/HAL/src/alt_irq_register.o obj/HAL/src/alt_irq_vars.o obj/HAL/src/alt_isatty.o obj/HAL/src/alt_kill.o obj/HAL/src/alt_link.o obj/HAL/src/alt_load.o obj/HAL/src/alt_log_macro.o obj/HAL/src/alt_log_printf.o obj/HAL/src/alt_lseek.o obj/HAL/src/alt_main.o obj/HAL/src/alt_malloc_lock.o obj/HAL/src/alt_mcount.o obj/HAL/src/alt_open.o obj/HAL/src/alt_printf.o obj/HAL/src/alt_putchar.o obj/HAL/src/alt_putstr.o obj/HAL/src/alt_read.o obj/HAL/src/alt_release_fd.o obj/HAL/src/alt_remap_cached.o obj/HAL/src/alt_remap_uncached.o obj/HAL/src/alt_rename.o obj/HAL/src/alt_sbrk.o obj/HAL/src/alt_settod.o obj/HAL/src/alt_software_exception.o obj/HAL/src/alt_stat.o obj/HAL/src/alt_tick.o obj/HAL/src/alt_times.o obj/HAL/src/alt_uncached_free.o obj/HAL/src/alt_uncached_malloc.o obj/HAL/src/alt_unlink.o obj/HAL/src/alt_usleep.o obj/HAL/src/alt_wait.o obj/HAL/src/alt_write.o obj/HAL/src/altera_nios2_qsys_irq.o obj/HAL/src/crt0.o obj/alt_sys_init.o obj/drivers/src/altera_avalon_jtag_uart_fd.o obj/drivers/src/altera_avalon_jtag_uart_init.o obj/drivers/src/altera_avalon_jtag_uart_ioctl.o obj/drivers/src/altera_avalon_jtag_uart_read.o obj/drivers/src/altera_avalon_jtag_uart_write.o obj/drivers/src/altera_avalon_timer_sc.o obj/drivers/src/altera_avalon_timer_ts.o obj/drivers/src/altera_avalon_timer_vars.o obj/drivers/src/altera_avalon_uart_fd.o obj/drivers/src/altera_avalon_uart_init.o obj/drivers/src/altera_avalon_uart_ioctl.o obj/drivers/src/altera_avalon_uart_read.o obj/drivers/src/altera_avalon_uart_write.o
[BSP build complete]
Info: Compiling hello_world.c to obj/default/hello_world.o
nios2-elf-gcc -xc -MP -MMD -c -I../hello_world_bsp//HAL/inc -I../hello_world_bsp/ -I../hello_world_bsp//drivers/inc  -pipe -D__hal__ -DALT_NO_INSTRUCTION_EMULATION -DALT_SINGLE_THREADED    -O0 -g -Wall   -mno-hw-div -mno-hw-mul -mno-hw-mulx  -o obj/default/hello_world.o hello_world.c
hello_world.c: In function 'main':
hello_world.c:29:5: warning: implicit declaration of function 'get_gps' [-Wimplicit-function-declaration]
     int fix = get_gps();
     ^
hello_world.c: In function 'get_gps':
hello_world.c:155:3: warning: implicit declaration of function 'atoi' [-Wimplicit-function-declaration]
   *LEDs = atoi(no_sat);
   ^
Info: Linking hello_world.elf
nios2-elf-g++  -T'../hello_world_bsp//linker.x' -msys-crt0='../hello_world_bsp//obj/HAL/src/crt0.o' -msys-lib=hal_bsp -L../hello_world_bsp/   -Wl,-Map=hello_world.map   -O0 -g -Wall   -mno-hw-div -mno-hw-mul -mno-hw-mulx  -o hello_world.elf obj/default/hello_world.o -lm -msys-lib=m
nios2-elf-insert hello_world.elf --thread_model hal --cpu_name nios2_qsys_0 --qsys true --simulation_enabled false --stderr_dev jtag_uart_0 --stdin_dev jtag_uart_0 --stdout_dev jtag_uart_0 --sopc_system_name tut_nios --quartus_project_dir "C:/Users/Mac/Documents/cpen391/exercise1.2" --jdi ../..//output_files/tutorial1-2.jdi --sopcinfo C:/Users/Mac/Documents/cpen391/exercise1.2/software/hello_world_bsp/../../tut_nios.sopcinfo
Info: (hello_world.elf) 78 KBytes program size (code + initialized data).
Info:                   65451 KBytes free for stack + heap.
Info: Creating hello_world.objdump
nios2-elf-objdump --disassemble --syms --all-header --source hello_world.elf >hello_world.objdump
[hello_world build complete]
14:59:20 **** Incremental Build of configuration Nios II for project hello_world ****
make all 
Info: Building ../hello_world_bsp/
Z:/Programs/altera/15.0/nios2eds/bin/gnu/H-x86_64-mingw32/bin/make --no-print-directory -C ../hello_world_bsp/
[BSP build complete]
[hello_world build complete]
14:59:43 **** Incremental Build of configuration Nios II for project hello_world ****
make all 
Info: Building ../hello_world_bsp/
Z:/Programs/altera/15.0/nios2eds/bin/gnu/H-x86_64-mingw32/bin/make --no-print-directory -C ../hello_world_bsp/
[BSP build complete]
[hello_world build complete]
15:00:18 **** Incremental Build of configuration Nios II for project hello_world ****
make all 
Info: Building ../hello_world_bsp/
Z:/Programs/altera/15.0/nios2eds/bin/gnu/H-x86_64-mingw32/bin/make --no-print-directory -C ../hello_world_bsp/
[BSP build complete]
Info: Compiling hello_world.c to obj/default/hello_world.o
nios2-elf-gcc -xc -MP -MMD -c -I../hello_world_bsp//HAL/inc -I../hello_world_bsp/ -I../hello_world_bsp//drivers/inc  -pipe -D__hal__ -DALT_NO_INSTRUCTION_EMULATION -DALT_SINGLE_THREADED    -O0 -g -Wall   -mno-hw-div -mno-hw-mul -mno-hw-mulx  -o obj/default/hello_world.o hello_world.c
hello_world.c: In function 'main':
hello_world.c:29:5: warning: implicit declaration of function 'get_gps' [-Wimplicit-function-declaration]
     int fix = get_gps();
     ^
hello_world.c: In function 'get_gps':
hello_world.c:155:3: warning: implicit declaration of function 'atoi' [-Wimplicit-function-declaration]
   *LEDs = atoi(no_sat);
   ^
Info: Linking hello_world.elf
nios2-elf-g++  -T'../hello_world_bsp//linker.x' -msys-crt0='../hello_world_bsp//obj/HAL/src/crt0.o' -msys-lib=hal_bsp -L../hello_world_bsp/   -Wl,-Map=hello_world.map   -O0 -g -Wall   -mno-hw-div -mno-hw-mul -mno-hw-mulx  -o hello_world.elf obj/default/hello_world.o -lm -msys-lib=m
nios2-elf-insert hello_world.elf --thread_model hal --cpu_name nios2_qsys_0 --qsys true --simulation_enabled false --stderr_dev jtag_uart_0 --stdin_dev jtag_uart_0 --stdout_dev jtag_uart_0 --sopc_system_name tut_nios --quartus_project_dir "C:/Users/Mac/Documents/cpen391/exercise1.2" --jdi ../..//output_files/tutorial1-2.jdi --sopcinfo C:/Users/Mac/Documents/cpen391/exercise1.2/software/hello_world_bsp/../../tut_nios.sopcinfo
Info: (hello_world.elf) 78 KBytes program size (code + initialized data).
Info:                   65451 KBytes free for stack + heap.
Info: Creating hello_world.objdump
nios2-elf-objdump --disassemble --syms --all-header --source hello_world.elf >hello_world.objdump
[hello_world build complete]
15:01:13 **** Incremental Build of configuration Nios II for project hello_world ****
make all 
Info: Building ../hello_world_bsp/
Z:/Programs/altera/15.0/nios2eds/bin/gnu/H-x86_64-mingw32/bin/make --no-print-directory -C ../hello_world_bsp/
[BSP build complete]
Info: Compiling hello_world.c to obj/default/hello_world.o
nios2-elf-gcc -xc -MP -MMD -c -I../hello_world_bsp//HAL/inc -I../hello_world_bsp/ -I../hello_world_bsp//drivers/inc  -pipe -D__hal__ -DALT_NO_INSTRUCTION_EMULATION -DALT_SINGLE_THREADED    -O0 -g -Wall   -mno-hw-div -mno-hw-mul -mno-hw-mulx  -o obj/default/hello_world.o hello_world.c
hello_world.c: In function 'main':
hello_world.c:22:2: warning: implicit declaration of function 'erase_log' [-Wimplicit-function-declaration]
  if(erase_log())
  ^
hello_world.c:29:5: warning: implicit declaration of function 'get_gps' [-Wimplicit-function-declaration]
     int fix = get_gps();
     ^
hello_world.c: In function 'get_gps':
hello_world.c:155:3: warning: implicit declaration of function 'atoi' [-Wimplicit-function-declaration]
   *LEDs = atoi(no_sat);
   ^
Info: Linking hello_world.elf
nios2-elf-g++  -T'../hello_world_bsp//linker.x' -msys-crt0='../hello_world_bsp//obj/HAL/src/crt0.o' -msys-lib=hal_bsp -L../hello_world_bsp/   -Wl,-Map=hello_world.map   -O0 -g -Wall   -mno-hw-div -mno-hw-mul -mno-hw-mulx  -o hello_world.elf obj/default/hello_world.o -lm -msys-lib=m
nios2-elf-insert hello_world.elf --thread_model hal --cpu_name nios2_qsys_0 --qsys true --simulation_enabled false --stderr_dev jtag_uart_0 --stdin_dev jtag_uart_0 --stdout_dev jtag_uart_0 --sopc_system_name tut_nios --quartus_project_dir "C:/Users/Mac/Documents/cpen391/exercise1.2" --jdi ../..//output_files/tutorial1-2.jdi --sopcinfo C:/Users/Mac/Documents/cpen391/exercise1.2/software/hello_world_bsp/../../tut_nios.sopcinfo
Info: (hello_world.elf) 78 KBytes program size (code + initialized data).
Info:                   65450 KBytes free for stack + heap.
Info: Creating hello_world.objdump
nios2-elf-objdump --disassemble --syms --all-header --source hello_world.elf >hello_world.objdump
[hello_world build complete]
15:07:29 **** Incremental Build of configuration Nios II for project hello_world ****
make all 
Info: Building ../hello_world_bsp/
Z:/Programs/altera/15.0/nios2eds/bin/gnu/H-x86_64-mingw32/bin/make --no-print-directory -C ../hello_world_bsp/
[BSP build complete]
Info: Compiling hello_world.c to obj/default/hello_world.o
nios2-elf-gcc -xc -MP -MMD -c -I../hello_world_bsp//HAL/inc -I../hello_world_bsp/ -I../hello_world_bsp//drivers/inc  -pipe -D__hal__ -DALT_NO_INSTRUCTION_EMULATION -DALT_SINGLE_THREADED    -O0 -g -Wall   -mno-hw-div -mno-hw-mul -mno-hw-mulx  -o obj/default/hello_world.o hello_world.c
hello_world.c: In function 'main':
hello_world.c:22:2: warning: implicit declaration of function 'erase_log' [-Wimplicit-function-declaration]
  if(erase_log())
  ^
hello_world.c:29:5: warning: implicit declaration of function 'get_gps' [-Wimplicit-function-declaration]
     int fix = get_gps();
     ^
hello_world.c: In function 'get_gps':
hello_world.c:155:3: warning: implicit declaration of function 'atoi' [-Wimplicit-function-declaration]
   *LEDs = atoi(no_sat);
   ^
Info: Linking hello_world.elf
nios2-elf-g++  -T'../hello_world_bsp//linker.x' -msys-crt0='../hello_world_bsp//obj/HAL/src/crt0.o' -msys-lib=hal_bsp -L../hello_world_bsp/   -Wl,-Map=hello_world.map   -O0 -g -Wall   -mno-hw-div -mno-hw-mul -mno-hw-mulx  -o hello_world.elf obj/default/hello_world.o -lm -msys-lib=m
nios2-elf-insert hello_world.elf --thread_model hal --cpu_name nios2_qsys_0 --qsys true --simulation_enabled false --stderr_dev jtag_uart_0 --stdin_dev jtag_uart_0 --stdout_dev jtag_uart_0 --sopc_system_name tut_nios --quartus_project_dir "C:/Users/Mac/Documents/cpen391/exercise1.2" --jdi ../..//output_files/tutorial1-2.jdi --sopcinfo C:/Users/Mac/Documents/cpen391/exercise1.2/software/hello_world_bsp/../../tut_nios.sopcinfo
Info: (hello_world.elf) 77 KBytes program size (code + initialized data).
Info:                   65451 KBytes free for stack + heap.
Info: Creating hello_world.objdump
nios2-elf-objdump --disassemble --syms --all-header --source hello_world.elf >hello_world.objdump
[hello_world build complete]
15:08:18 **** Incremental Build of configuration Nios II for project hello_world ****
make all 
Info: Building ../hello_world_bsp/
Z:/Programs/altera/15.0/nios2eds/bin/gnu/H-x86_64-mingw32/bin/make --no-print-directory -C ../hello_world_bsp/
[BSP build complete]
Info: Compiling hello_world.c to obj/default/hello_world.o
nios2-elf-gcc -xc -MP -MMD -c -I../hello_world_bsp//HAL/inc -I../hello_world_bsp/ -I../hello_world_bsp//drivers/inc  -pipe -D__hal__ -DALT_NO_INSTRUCTION_EMULATION -DALT_SINGLE_THREADED    -O0 -g -Wall   -mno-hw-div -mno-hw-mul -mno-hw-mulx  -o obj/default/hello_world.o hello_world.c
hello_world.c: In function 'main':
hello_world.c:29:5: warning: implicit declaration of function 'get_gps' [-Wimplicit-function-declaration]
     int fix = get_gps();
     ^
hello_world.c: In function 'get_gps':
hello_world.c:155:3: warning: implicit declaration of function 'atoi' [-Wimplicit-function-declaration]
   *LEDs = atoi(no_sat);
   ^
Info: Linking hello_world.elf
nios2-elf-g++  -T'../hello_world_bsp//linker.x' -msys-crt0='../hello_world_bsp//obj/HAL/src/crt0.o' -msys-lib=hal_bsp -L../hello_world_bsp/   -Wl,-Map=hello_world.map   -O0 -g -Wall   -mno-hw-div -mno-hw-mul -mno-hw-mulx  -o hello_world.elf obj/default/hello_world.o -lm -msys-lib=m
nios2-elf-insert hello_world.elf --thread_model hal --cpu_name nios2_qsys_0 --qsys true --simulation_enabled false --stderr_dev jtag_uart_0 --stdin_dev jtag_uart_0 --stdout_dev jtag_uart_0 --sopc_system_name tut_nios --quartus_project_dir "C:/Users/Mac/Documents/cpen391/exercise1.2" --jdi ../..//output_files/tutorial1-2.jdi --sopcinfo C:/Users/Mac/Documents/cpen391/exercise1.2/software/hello_world_bsp/../../tut_nios.sopcinfo
Info: (hello_world.elf) 77 KBytes program size (code + initialized data).
Info:                   65451 KBytes free for stack + heap.
Info: Creating hello_world.objdump
nios2-elf-objdump --disassemble --syms --all-header --source hello_world.elf >hello_world.objdump
[hello_world build complete]
15:19:59 **** Incremental Build of configuration Nios II for project hello_world ****
make all 
Info: Building ../hello_world_bsp/
Z:/Programs/altera/15.0/nios2eds/bin/gnu/H-x86_64-mingw32/bin/make --no-print-directory -C ../hello_world_bsp/
[BSP build complete]
Info: Compiling hello_world.c to obj/default/hello_world.o
nios2-elf-gcc -xc -MP -MMD -c -I../hello_world_bsp//HAL/inc -I../hello_world_bsp/ -I../hello_world_bsp//drivers/inc  -pipe -D__hal__ -DALT_NO_INSTRUCTION_EMULATION -DALT_SINGLE_THREADED    -O0 -g -Wall   -mno-hw-div -mno-hw-mul -mno-hw-mulx  -o obj/default/hello_world.o hello_world.c
hello_world.c: In function 'main':
hello_world.c:29:5: warning: implicit declaration of function 'get_gps' [-Wimplicit-function-declaration]
     int fix = get_gps();
     ^
hello_world.c:37:4: warning: implicit declaration of function 'start_log' [-Wimplicit-function-declaration]
    if(start_log())
    ^
hello_world.c: In function 'get_gps':
hello_world.c:158:3: warning: implicit declaration of function 'atoi' [-Wimplicit-function-declaration]
   *LEDs = atoi(no_sat);
   ^
Info: Linking hello_world.elf
nios2-elf-g++  -T'../hello_world_bsp//linker.x' -msys-crt0='../hello_world_bsp//obj/HAL/src/crt0.o' -msys-lib=hal_bsp -L../hello_world_bsp/   -Wl,-Map=hello_world.map   -O0 -g -Wall   -mno-hw-div -mno-hw-mul -mno-hw-mulx  -o hello_world.elf obj/default/hello_world.o -lm -msys-lib=m
nios2-elf-insert hello_world.elf --thread_model hal --cpu_name nios2_qsys_0 --qsys true --simulation_enabled false --stderr_dev jtag_uart_0 --stdin_dev jtag_uart_0 --stdout_dev jtag_uart_0 --sopc_system_name tut_nios --quartus_project_dir "C:/Users/Mac/Documents/cpen391/exercise1.2" --jdi ../..//output_files/tutorial1-2.jdi --sopcinfo C:/Users/Mac/Documents/cpen391/exercise1.2/software/hello_world_bsp/../../tut_nios.sopcinfo
Info: (hello_world.elf) 78 KBytes program size (code + initialized data).
Info:                   65450 KBytes free for stack + heap.
Info: Creating hello_world.objdump
nios2-elf-objdump --disassemble --syms --all-header --source hello_world.elf >hello_world.objdump
[hello_world build complete]
15:21:12 **** Incremental Build of configuration Nios II for project hello_world ****
make all 
Info: Building ../hello_world_bsp/
Z:/Programs/altera/15.0/nios2eds/bin/gnu/H-x86_64-mingw32/bin/make --no-print-directory -C ../hello_world_bsp/
[BSP build complete]
[hello_world build complete]
15:23:50 **** Incremental Build of configuration Nios II for project hello_world ****
make all 
Info: Building ../hello_world_bsp/
Z:/Programs/altera/15.0/nios2eds/bin/gnu/H-x86_64-mingw32/bin/make --no-print-directory -C ../hello_world_bsp/
[BSP build complete]
Info: Compiling hello_world.c to obj/default/hello_world.o
nios2-elf-gcc -xc -MP -MMD -c -I../hello_world_bsp//HAL/inc -I../hello_world_bsp/ -I../hello_world_bsp//drivers/inc  -pipe -D__hal__ -DALT_NO_INSTRUCTION_EMULATION -DALT_SINGLE_THREADED    -O0 -g -Wall   -mno-hw-div -mno-hw-mul -mno-hw-mulx  -o obj/default/hello_world.o hello_world.c
hello_world.c: In function 'main':
hello_world.c:29:5: warning: implicit declaration of function 'get_gps' [-Wimplicit-function-declaration]
     int fix = get_gps();
     ^
hello_world.c:37:4: warning: implicit declaration of function 'start_log' [-Wimplicit-function-declaration]
    if(start_log())
    ^
hello_world.c:41:7: warning: implicit declaration of function 'snapshot_log' [-Wimplicit-function-declaration]
       printf("Snapshot taken. ''%d\n", snapshot_log());
       ^
hello_world.c:44:4: error: 'else' without a previous 'if'
    else
    ^
hello_world.c: In function 'get_gps':
hello_world.c:163:3: warning: implicit declaration of function 'atoi' [-Wimplicit-function-declaration]
   *LEDs = atoi(no_sat);
   ^
make: *** [obj/default/hello_world.o] Error 1
15:24:16 **** Incremental Build of configuration Nios II for project hello_world ****
make all 
Info: Building ../hello_world_bsp/
Z:/Programs/altera/15.0/nios2eds/bin/gnu/H-x86_64-mingw32/bin/make --no-print-directory -C ../hello_world_bsp/
[BSP build complete]
Info: Compiling hello_world.c to obj/default/hello_world.o
nios2-elf-gcc -xc -MP -MMD -c -I../hello_world_bsp//HAL/inc -I../hello_world_bsp/ -I../hello_world_bsp//drivers/inc  -pipe -D__hal__ -DALT_NO_INSTRUCTION_EMULATION -DALT_SINGLE_THREADED    -O0 -g -Wall   -mno-hw-div -mno-hw-mul -mno-hw-mulx  -o obj/default/hello_world.o hello_world.c
hello_world.c: In function 'main':
hello_world.c:29:5: warning: implicit declaration of function 'get_gps' [-Wimplicit-function-declaration]
     int fix = get_gps();
     ^
hello_world.c:37:4: warning: implicit declaration of function 'start_log' [-Wimplicit-function-declaration]
    if(start_log()){
    ^
hello_world.c:41:7: warning: implicit declaration of function 'snapshot_log' [-Wimplicit-function-declaration]
       printf("Snapshot taken. ''%d\n", snapshot_log());
       ^
hello_world.c: In function 'get_gps':
hello_world.c:163:3: warning: implicit declaration of function 'atoi' [-Wimplicit-function-declaration]
   *LEDs = atoi(no_sat);
   ^
Info: Linking hello_world.elf
nios2-elf-g++  -T'../hello_world_bsp//linker.x' -msys-crt0='../hello_world_bsp//obj/HAL/src/crt0.o' -msys-lib=hal_bsp -L../hello_world_bsp/   -Wl,-Map=hello_world.map   -O0 -g -Wall   -mno-hw-div -mno-hw-mul -mno-hw-mulx  -o hello_world.elf obj/default/hello_world.o -lm -msys-lib=m
nios2-elf-insert hello_world.elf --thread_model hal --cpu_name nios2_qsys_0 --qsys true --simulation_enabled false --stderr_dev jtag_uart_0 --stdin_dev jtag_uart_0 --stdout_dev jtag_uart_0 --sopc_system_name tut_nios --quartus_project_dir "C:/Users/Mac/Documents/cpen391/exercise1.2" --jdi ../..//output_files/tutorial1-2.jdi --sopcinfo C:/Users/Mac/Documents/cpen391/exercise1.2/software/hello_world_bsp/../../tut_nios.sopcinfo
Info: (hello_world.elf) 78 KBytes program size (code + initialized data).
Info:                   65450 KBytes free for stack + heap.
Info: Creating hello_world.objdump
nios2-elf-objdump --disassemble --syms --all-header --source hello_world.elf >hello_world.objdump
[hello_world build complete]
15:24:46 **** Incremental Build of configuration Nios II for project hello_world ****
make all 
Info: Building ../hello_world_bsp/
Z:/Programs/altera/15.0/nios2eds/bin/gnu/H-x86_64-mingw32/bin/make --no-print-directory -C ../hello_world_bsp/
[BSP build complete]
Info: Compiling hello_world.c to obj/default/hello_world.o
nios2-elf-gcc -xc -MP -MMD -c -I../hello_world_bsp//HAL/inc -I../hello_world_bsp/ -I../hello_world_bsp//drivers/inc  -pipe -D__hal__ -DALT_NO_INSTRUCTION_EMULATION -DALT_SINGLE_THREADED    -O0 -g -Wall   -mno-hw-div -mno-hw-mul -mno-hw-mulx  -o obj/default/hello_world.o hello_world.c
hello_world.c: In function 'main':
hello_world.c:29:5: warning: implicit declaration of function 'get_gps' [-Wimplicit-function-declaration]
     int fix = get_gps();
     ^
hello_world.c:37:4: warning: implicit declaration of function 'start_log' [-Wimplicit-function-declaration]
    if(start_log()){
    ^
hello_world.c:41:7: warning: implicit declaration of function 'snapshot_log' [-Wimplicit-function-declaration]
       printf("Snapshot taken. '%d'\n", snapshot_log());
       ^
hello_world.c: In function 'get_gps':
hello_world.c:163:3: warning: implicit declaration of function 'atoi' [-Wimplicit-function-declaration]
   *LEDs = atoi(no_sat);
   ^
Info: Linking hello_world.elf
nios2-elf-g++  -T'../hello_world_bsp//linker.x' -msys-crt0='../hello_world_bsp//obj/HAL/src/crt0.o' -msys-lib=hal_bsp -L../hello_world_bsp/   -Wl,-Map=hello_world.map   -O0 -g -Wall   -mno-hw-div -mno-hw-mul -mno-hw-mulx  -o hello_world.elf obj/default/hello_world.o -lm -msys-lib=m
nios2-elf-insert hello_world.elf --thread_model hal --cpu_name nios2_qsys_0 --qsys true --simulation_enabled false --stderr_dev jtag_uart_0 --stdin_dev jtag_uart_0 --stdout_dev jtag_uart_0 --sopc_system_name tut_nios --quartus_project_dir "C:/Users/Mac/Documents/cpen391/exercise1.2" --jdi ../..//output_files/tutorial1-2.jdi --sopcinfo C:/Users/Mac/Documents/cpen391/exercise1.2/software/hello_world_bsp/../../tut_nios.sopcinfo
Info: (hello_world.elf) 78 KBytes program size (code + initialized data).
Info:                   65450 KBytes free for stack + heap.
Info: Creating hello_world.objdump
nios2-elf-objdump --disassemble --syms --all-header --source hello_world.elf >hello_world.objdump
[hello_world build complete]
15:25:10 **** Incremental Build of configuration Nios II for project hello_world ****
make all 
Info: Building ../hello_world_bsp/
Z:/Programs/altera/15.0/nios2eds/bin/gnu/H-x86_64-mingw32/bin/make --no-print-directory -C ../hello_world_bsp/
[BSP build complete]
[hello_world build complete]
15:25:38 **** Incremental Build of configuration Nios II for project hello_world ****
make all 
Info: Building ../hello_world_bsp/
Z:/Programs/altera/15.0/nios2eds/bin/gnu/H-x86_64-mingw32/bin/make --no-print-directory -C ../hello_world_bsp/
[BSP build complete]
[hello_world build complete]
15:27:07 **** Incremental Build of configuration Nios II for project hello_world ****
make all 
Info: Building ../hello_world_bsp/
Z:/Programs/altera/15.0/nios2eds/bin/gnu/H-x86_64-mingw32/bin/make --no-print-directory -C ../hello_world_bsp/
[BSP build complete]
[hello_world build complete]
15:27:37 **** Incremental Build of configuration Nios II for project hello_world ****
make all 
Info: Building ../hello_world_bsp/
Z:/Programs/altera/15.0/nios2eds/bin/gnu/H-x86_64-mingw32/bin/make --no-print-directory -C ../hello_world_bsp/
[BSP build complete]
[hello_world build complete]
15:28:15 **** Incremental Build of configuration Nios II for project hello_world ****
make all 
Info: Building ../hello_world_bsp/
Z:/Programs/altera/15.0/nios2eds/bin/gnu/H-x86_64-mingw32/bin/make --no-print-directory -C ../hello_world_bsp/
[BSP build complete]
Info: Compiling hello_world.c to obj/default/hello_world.o
nios2-elf-gcc -xc -MP -MMD -c -I../hello_world_bsp//HAL/inc -I../hello_world_bsp/ -I../hello_world_bsp//drivers/inc  -pipe -D__hal__ -DALT_NO_INSTRUCTION_EMULATION -DALT_SINGLE_THREADED    -O0 -g -Wall   -mno-hw-div -mno-hw-mul -mno-hw-mulx  -o obj/default/hello_world.o hello_world.c
hello_world.c: In function 'main':
hello_world.c:29:5: warning: implicit declaration of function 'get_gps' [-Wimplicit-function-declaration]
     int fix = get_gps();
     ^
hello_world.c:37:4: warning: implicit declaration of function 'start_log' [-Wimplicit-function-declaration]
    if(start_log()){
    ^
hello_world.c:41:7: warning: implicit declaration of function 'snapshot_log' [-Wimplicit-function-declaration]
       printf("Snapshot taken. '%d'\n", snapshot_log());
       ^
hello_world.c: In function 'get_gps':
hello_world.c:164:3: warning: implicit declaration of function 'atoi' [-Wimplicit-function-declaration]
   *LEDs = atoi(no_sat);
   ^
Info: Linking hello_world.elf
nios2-elf-g++  -T'../hello_world_bsp//linker.x' -msys-crt0='../hello_world_bsp//obj/HAL/src/crt0.o' -msys-lib=hal_bsp -L../hello_world_bsp/   -Wl,-Map=hello_world.map   -O0 -g -Wall   -mno-hw-div -mno-hw-mul -mno-hw-mulx  -o hello_world.elf obj/default/hello_world.o -lm -msys-lib=m
nios2-elf-insert hello_world.elf --thread_model hal --cpu_name nios2_qsys_0 --qsys true --simulation_enabled false --stderr_dev jtag_uart_0 --stdin_dev jtag_uart_0 --stdout_dev jtag_uart_0 --sopc_system_name tut_nios --quartus_project_dir "C:/Users/Mac/Documents/cpen391/exercise1.2" --jdi ../..//output_files/tutorial1-2.jdi --sopcinfo C:/Users/Mac/Documents/cpen391/exercise1.2/software/hello_world_bsp/../../tut_nios.sopcinfo
Info: (hello_world.elf) 79 KBytes program size (code + initialized data).
Info:                   65450 KBytes free for stack + heap.
Info: Creating hello_world.objdump
nios2-elf-objdump --disassemble --syms --all-header --source hello_world.elf >hello_world.objdump
[hello_world build complete]
15:28:30 **** Incremental Build of configuration Nios II for project hello_world ****
make all 
Info: Building ../hello_world_bsp/
Z:/Programs/altera/15.0/nios2eds/bin/gnu/H-x86_64-mingw32/bin/make --no-print-directory -C ../hello_world_bsp/
[BSP build complete]
Info: Compiling hello_world.c to obj/default/hello_world.o
nios2-elf-gcc -xc -MP -MMD -c -I../hello_world_bsp//HAL/inc -I../hello_world_bsp/ -I../hello_world_bsp//drivers/inc  -pipe -D__hal__ -DALT_NO_INSTRUCTION_EMULATION -DALT_SINGLE_THREADED    -O0 -g -Wall   -mno-hw-div -mno-hw-mul -mno-hw-mulx  -o obj/default/hello_world.o hello_world.c
hello_world.c: In function 'main':
hello_world.c:29:5: warning: implicit declaration of function 'get_gps' [-Wimplicit-function-declaration]
     int fix = get_gps();
     ^
hello_world.c:37:4: warning: implicit declaration of function 'start_log' [-Wimplicit-function-declaration]
    if(start_log()){
    ^
hello_world.c:41:7: warning: implicit declaration of function 'snapshot_log' [-Wimplicit-function-declaration]
       printf("Snapshot taken. '%d'\n", snapshot_log());
       ^
hello_world.c: In function 'get_gps':
hello_world.c:164:3: warning: implicit declaration of function 'atoi' [-Wimplicit-function-declaration]
   *LEDs = atoi(no_sat);
   ^
Info: Linking hello_world.elf
nios2-elf-g++  -T'../hello_world_bsp//linker.x' -msys-crt0='../hello_world_bsp//obj/HAL/src/crt0.o' -msys-lib=hal_bsp -L../hello_world_bsp/   -Wl,-Map=hello_world.map   -O0 -g -Wall   -mno-hw-div -mno-hw-mul -mno-hw-mulx  -o hello_world.elf obj/default/hello_world.o -lm -msys-lib=m
nios2-elf-insert hello_world.elf --thread_model hal --cpu_name nios2_qsys_0 --qsys true --simulation_enabled false --stderr_dev jtag_uart_0 --stdin_dev jtag_uart_0 --stdout_dev jtag_uart_0 --sopc_system_name tut_nios --quartus_project_dir "C:/Users/Mac/Documents/cpen391/exercise1.2" --jdi ../..//output_files/tutorial1-2.jdi --sopcinfo C:/Users/Mac/Documents/cpen391/exercise1.2/software/hello_world_bsp/../../tut_nios.sopcinfo
Info: (hello_world.elf) 79 KBytes program size (code + initialized data).
Info:                   65449 KBytes free for stack + heap.
Info: Creating hello_world.objdump
nios2-elf-objdump --disassemble --syms --all-header --source hello_world.elf >hello_world.objdump
[hello_world build complete]
15:29:06 **** Incremental Build of configuration Nios II for project hello_world ****
make all 
Info: Building ../hello_world_bsp/
Z:/Programs/altera/15.0/nios2eds/bin/gnu/H-x86_64-mingw32/bin/make --no-print-directory -C ../hello_world_bsp/
[BSP build complete]
Info: Compiling hello_world.c to obj/default/hello_world.o
nios2-elf-gcc -xc -MP -MMD -c -I../hello_world_bsp//HAL/inc -I../hello_world_bsp/ -I../hello_world_bsp//drivers/inc  -pipe -D__hal__ -DALT_NO_INSTRUCTION_EMULATION -DALT_SINGLE_THREADED    -O0 -g -Wall   -mno-hw-div -mno-hw-mul -mno-hw-mulx  -o obj/default/hello_world.o hello_world.c
hello_world.c: In function 'main':
hello_world.c:29:5: warning: implicit declaration of function 'get_gps' [-Wimplicit-function-declaration]
     int fix = get_gps();
     ^
hello_world.c:38:4: warning: implicit declaration of function 'start_log' [-Wimplicit-function-declaration]
    if(start_log()){
    ^
hello_world.c:42:7: warning: implicit declaration of function 'snapshot_log' [-Wimplicit-function-declaration]
       printf("Snapshot taken. '%d'\n", snapshot_log());
       ^
hello_world.c: In function 'get_gps':
hello_world.c:165:3: warning: implicit declaration of function 'atoi' [-Wimplicit-function-declaration]
   *LEDs = atoi(no_sat);
   ^
Info: Linking hello_world.elf
nios2-elf-g++  -T'../hello_world_bsp//linker.x' -msys-crt0='../hello_world_bsp//obj/HAL/src/crt0.o' -msys-lib=hal_bsp -L../hello_world_bsp/   -Wl,-Map=hello_world.map   -O0 -g -Wall   -mno-hw-div -mno-hw-mul -mno-hw-mulx  -o hello_world.elf obj/default/hello_world.o -lm -msys-lib=m
nios2-elf-insert hello_world.elf --thread_model hal --cpu_name nios2_qsys_0 --qsys true --simulation_enabled false --stderr_dev jtag_uart_0 --stdin_dev jtag_uart_0 --stdout_dev jtag_uart_0 --sopc_system_name tut_nios --quartus_project_dir "C:/Users/Mac/Documents/cpen391/exercise1.2" --jdi ../..//output_files/tutorial1-2.jdi --sopcinfo C:/Users/Mac/Documents/cpen391/exercise1.2/software/hello_world_bsp/../../tut_nios.sopcinfo
Info: (hello_world.elf) 79 KBytes program size (code + initialized data).
Info:                   65449 KBytes free for stack + heap.
Info: Creating hello_world.objdump
nios2-elf-objdump --disassemble --syms --all-header --source hello_world.elf >hello_world.objdump
[hello_world build complete]
15:29:50 **** Incremental Build of configuration Nios II for project hello_world ****
make all 
Info: Building ../hello_world_bsp/
Z:/Programs/altera/15.0/nios2eds/bin/gnu/H-x86_64-mingw32/bin/make --no-print-directory -C ../hello_world_bsp/
[BSP build complete]
Info: Compiling hello_world.c to obj/default/hello_world.o
nios2-elf-gcc -xc -MP -MMD -c -I../hello_world_bsp//HAL/inc -I../hello_world_bsp/ -I../hello_world_bsp//drivers/inc  -pipe -D__hal__ -DALT_NO_INSTRUCTION_EMULATION -DALT_SINGLE_THREADED    -O0 -g -Wall   -mno-hw-div -mno-hw-mul -mno-hw-mulx  -o obj/default/hello_world.o hello_world.c
hello_world.c: In function 'main':
hello_world.c:29:5: warning: implicit declaration of function 'get_gps' [-Wimplicit-function-declaration]
     int fix = get_gps();
     ^
hello_world.c:38:4: warning: implicit declaration of function 'start_log' [-Wimplicit-function-declaration]
    if(start_log()){
    ^
hello_world.c:42:7: warning: implicit declaration of function 'snapshot_log' [-Wimplicit-function-declaration]
       printf("Snapshot taken. '%d'\n", snapshot_log());
       ^
hello_world.c: In function 'get_gps':
hello_world.c:165:3: warning: implicit declaration of function 'atoi' [-Wimplicit-function-declaration]
   *LEDs = atoi(no_sat);
   ^
Info: Linking hello_world.elf
nios2-elf-g++  -T'../hello_world_bsp//linker.x' -msys-crt0='../hello_world_bsp//obj/HAL/src/crt0.o' -msys-lib=hal_bsp -L../hello_world_bsp/   -Wl,-Map=hello_world.map   -O0 -g -Wall   -mno-hw-div -mno-hw-mul -mno-hw-mulx  -o hello_world.elf obj/default/hello_world.o -lm -msys-lib=m
nios2-elf-insert hello_world.elf --thread_model hal --cpu_name nios2_qsys_0 --qsys true --simulation_enabled false --stderr_dev jtag_uart_0 --stdin_dev jtag_uart_0 --stdout_dev jtag_uart_0 --sopc_system_name tut_nios --quartus_project_dir "C:/Users/Mac/Documents/cpen391/exercise1.2" --jdi ../..//output_files/tutorial1-2.jdi --sopcinfo C:/Users/Mac/Documents/cpen391/exercise1.2/software/hello_world_bsp/../../tut_nios.sopcinfo
Info: (hello_world.elf) 79 KBytes program size (code + initialized data).
Info:                   65449 KBytes free for stack + heap.
Info: Creating hello_world.objdump
nios2-elf-objdump --disassemble --syms --all-header --source hello_world.elf >hello_world.objdump
[hello_world build complete]
15:31:53 **** Incremental Build of configuration Nios II for project hello_world ****
make all 
Info: Building ../hello_world_bsp/
Z:/Programs/altera/15.0/nios2eds/bin/gnu/H-x86_64-mingw32/bin/make --no-print-directory -C ../hello_world_bsp/
[BSP build complete]
Info: Compiling hello_world.c to obj/default/hello_world.o
nios2-elf-gcc -xc -MP -MMD -c -I../hello_world_bsp//HAL/inc -I../hello_world_bsp/ -I../hello_world_bsp//drivers/inc  -pipe -D__hal__ -DALT_NO_INSTRUCTION_EMULATION -DALT_SINGLE_THREADED    -O0 -g -Wall   -mno-hw-div -mno-hw-mul -mno-hw-mulx  -o obj/default/hello_world.o hello_world.c
hello_world.c: In function 'main':
hello_world.c:29:5: warning: implicit declaration of function 'get_gps' [-Wimplicit-function-declaration]
     int fix = get_gps();
     ^
hello_world.c:38:4: warning: implicit declaration of function 'start_log' [-Wimplicit-function-declaration]
    if(start_log()){
    ^
hello_world.c:42:7: warning: implicit declaration of function 'snapshot_log' [-Wimplicit-function-declaration]
       printf("Snapshot taken. '%d'\n", snapshot_log());
       ^
hello_world.c: In function 'get_gps':
hello_world.c:166:3: warning: implicit declaration of function 'atoi' [-Wimplicit-function-declaration]
   *LEDs = atoi(no_sat);
   ^
Info: Linking hello_world.elf
nios2-elf-g++  -T'../hello_world_bsp//linker.x' -msys-crt0='../hello_world_bsp//obj/HAL/src/crt0.o' -msys-lib=hal_bsp -L../hello_world_bsp/   -Wl,-Map=hello_world.map   -O0 -g -Wall   -mno-hw-div -mno-hw-mul -mno-hw-mulx  -o hello_world.elf obj/default/hello_world.o -lm -msys-lib=m
nios2-elf-insert hello_world.elf --thread_model hal --cpu_name nios2_qsys_0 --qsys true --simulation_enabled false --stderr_dev jtag_uart_0 --stdin_dev jtag_uart_0 --stdout_dev jtag_uart_0 --sopc_system_name tut_nios --quartus_project_dir "C:/Users/Mac/Documents/cpen391/exercise1.2" --jdi ../..//output_files/tutorial1-2.jdi --sopcinfo C:/Users/Mac/Documents/cpen391/exercise1.2/software/hello_world_bsp/../../tut_nios.sopcinfo
Info: (hello_world.elf) 79 KBytes program size (code + initialized data).
Info:                   65449 KBytes free for stack + heap.
Info: Creating hello_world.objdump
nios2-elf-objdump --disassemble --syms --all-header --source hello_world.elf >hello_world.objdump
[hello_world build complete]
15:40:19 **** Incremental Build of configuration Nios II for project hello_world ****
make all 
Info: Building ../hello_world_bsp/
Z:/Programs/altera/15.0/nios2eds/bin/gnu/H-x86_64-mingw32/bin/make --no-print-directory -C ../hello_world_bsp/
[BSP build complete]
Info: Compiling hello_world.c to obj/default/hello_world.o
nios2-elf-gcc -xc -MP -MMD -c -I../hello_world_bsp//HAL/inc -I../hello_world_bsp/ -I../hello_world_bsp//drivers/inc  -pipe -D__hal__ -DALT_NO_INSTRUCTION_EMULATION -DALT_SINGLE_THREADED    -O0 -g -Wall   -mno-hw-div -mno-hw-mul -mno-hw-mulx  -o obj/default/hello_world.o hello_world.c
hello_world.c: In function 'main':
hello_world.c:29:5: warning: implicit declaration of function 'get_gps' [-Wimplicit-function-declaration]
     int fix = get_gps();
     ^
hello_world.c:38:4: warning: implicit declaration of function 'start_log' [-Wimplicit-function-declaration]
    if(start_log()){
    ^
hello_world.c:42:7: warning: implicit declaration of function 'snapshot_log' [-Wimplicit-function-declaration]
       printf("Snapshot taken. '%d'\n", snapshot_log());
       ^
hello_world.c: In function 'get_gps':
hello_world.c:166:3: warning: implicit declaration of function 'atoi' [-Wimplicit-function-declaration]
   *LEDs = atoi(no_sat);
   ^
hello_world.c: In function 'dump_log':
hello_world.c:334:14: warning: 'dump' may be used uninitialized in this function [-Wmaybe-uninitialized]
        *(dump+j) = incoming;
              ^
Info: Linking hello_world.elf
nios2-elf-g++  -T'../hello_world_bsp//linker.x' -msys-crt0='../hello_world_bsp//obj/HAL/src/crt0.o' -msys-lib=hal_bsp -L../hello_world_bsp/   -Wl,-Map=hello_world.map   -O0 -g -Wall   -mno-hw-div -mno-hw-mul -mno-hw-mulx  -o hello_world.elf obj/default/hello_world.o -lm -msys-lib=m
nios2-elf-insert hello_world.elf --thread_model hal --cpu_name nios2_qsys_0 --qsys true --simulation_enabled false --stderr_dev jtag_uart_0 --stdin_dev jtag_uart_0 --stdout_dev jtag_uart_0 --sopc_system_name tut_nios --quartus_project_dir "C:/Users/Mac/Documents/cpen391/exercise1.2" --jdi ../..//output_files/tutorial1-2.jdi --sopcinfo C:/Users/Mac/Documents/cpen391/exercise1.2/software/hello_world_bsp/../../tut_nios.sopcinfo
Info: (hello_world.elf) 79 KBytes program size (code + initialized data).
Info:                   65449 KBytes free for stack + heap.
Info: Creating hello_world.objdump
nios2-elf-objdump --disassemble --syms --all-header --source hello_world.elf >hello_world.objdump
[hello_world build complete]
15:41:59 **** Incremental Build of configuration Nios II for project hello_world ****
make all 
Info: Building ../hello_world_bsp/
Z:/Programs/altera/15.0/nios2eds/bin/gnu/H-x86_64-mingw32/bin/make --no-print-directory -C ../hello_world_bsp/
[BSP build complete]
Info: Compiling hello_world.c to obj/default/hello_world.o
nios2-elf-gcc -xc -MP -MMD -c -I../hello_world_bsp//HAL/inc -I../hello_world_bsp/ -I../hello_world_bsp//drivers/inc  -pipe -D__hal__ -DALT_NO_INSTRUCTION_EMULATION -DALT_SINGLE_THREADED    -O0 -g -Wall   -mno-hw-div -mno-hw-mul -mno-hw-mulx  -o obj/default/hello_world.o hello_world.c
hello_world.c: In function 'main':
hello_world.c:29:5: warning: implicit declaration of function 'get_gps' [-Wimplicit-function-declaration]
     int fix = get_gps();
     ^
hello_world.c:38:4: warning: implicit declaration of function 'start_log' [-Wimplicit-function-declaration]
    if(start_log()){
    ^
hello_world.c:42:7: warning: implicit declaration of function 'snapshot_log' [-Wimplicit-function-declaration]
       printf("Snapshot taken. '%d'\n", snapshot_log());
       ^
hello_world.c:46:8: warning: implicit declaration of function 'dump_log' [-Wimplicit-function-declaration]
        dump_log();
        ^
hello_world.c: In function 'get_gps':
hello_world.c:171:3: warning: implicit declaration of function 'atoi' [-Wimplicit-function-declaration]
   *LEDs = atoi(no_sat);
   ^
hello_world.c: In function 'dump_log':
hello_world.c:339:14: warning: 'dump' may be used uninitialized in this function [-Wmaybe-uninitialized]
        *(dump+j) = incoming;
              ^
Info: Linking hello_world.elf
nios2-elf-g++  -T'../hello_world_bsp//linker.x' -msys-crt0='../hello_world_bsp//obj/HAL/src/crt0.o' -msys-lib=hal_bsp -L../hello_world_bsp/   -Wl,-Map=hello_world.map   -O0 -g -Wall   -mno-hw-div -mno-hw-mul -mno-hw-mulx  -o hello_world.elf obj/default/hello_world.o -lm -msys-lib=m
nios2-elf-insert hello_world.elf --thread_model hal --cpu_name nios2_qsys_0 --qsys true --simulation_enabled false --stderr_dev jtag_uart_0 --stdin_dev jtag_uart_0 --stdout_dev jtag_uart_0 --sopc_system_name tut_nios --quartus_project_dir "C:/Users/Mac/Documents/cpen391/exercise1.2" --jdi ../..//output_files/tutorial1-2.jdi --sopcinfo C:/Users/Mac/Documents/cpen391/exercise1.2/software/hello_world_bsp/../../tut_nios.sopcinfo
Info: (hello_world.elf) 79 KBytes program size (code + initialized data).
Info:                   65449 KBytes free for stack + heap.
Info: Creating hello_world.objdump
nios2-elf-objdump --disassemble --syms --all-header --source hello_world.elf >hello_world.objdump
[hello_world build complete]
15:42:39 **** Incremental Build of configuration Nios II for project hello_world ****
make all 
Info: Building ../hello_world_bsp/
Z:/Programs/altera/15.0/nios2eds/bin/gnu/H-x86_64-mingw32/bin/make --no-print-directory -C ../hello_world_bsp/
[BSP build complete]
[hello_world build complete]
15:43:49 **** Incremental Build of configuration Nios II for project hello_world ****
make all 
Info: Building ../hello_world_bsp/
Z:/Programs/altera/15.0/nios2eds/bin/gnu/H-x86_64-mingw32/bin/make --no-print-directory -C ../hello_world_bsp/
[BSP build complete]
[hello_world build complete]
15:44:06 **** Incremental Build of configuration Nios II for project hello_world ****
make all 
Info: Building ../hello_world_bsp/
Z:/Programs/altera/15.0/nios2eds/bin/gnu/H-x86_64-mingw32/bin/make --no-print-directory -C ../hello_world_bsp/
[BSP build complete]
[hello_world build complete]
15:44:52 **** Incremental Build of configuration Nios II for project hello_world ****
make all 
Info: Building ../hello_world_bsp/
Z:/Programs/altera/15.0/nios2eds/bin/gnu/H-x86_64-mingw32/bin/make --no-print-directory -C ../hello_world_bsp/
[BSP build complete]
[hello_world build complete]
