Flow report for tutorial1-2
Thu Jan 25 16:33:49 2018
Quartus II 64-Bit Version 15.0.0 Build 145 04/22/2015 SJ Web Edition


---------------------
; Table of Contents ;
---------------------
  1. Legal Notice
  2. Flow Summary
  3. Flow Settings
  4. Flow Non-Default Global Settings
  5. Flow Elapsed Time
  6. Flow OS Summary
  7. Flow Log
  8. Flow Messages
  9. Flow Suppressed Messages



----------------
; Legal Notice ;
----------------
Copyright (C) 1991-2015 Altera Corporation. All rights reserved.
Your use of Altera Corporation's design tools, logic functions 
and other software and tools, and its AMPP partner logic 
functions, and any output files from any of the foregoing 
(including device programming or simulation files), and any 
associated documentation or information are expressly subject 
to the terms and conditions of the Altera Program License 
Subscription Agreement, the Altera Quartus II License Agreement,
the Altera MegaCore Function License Agreement, or other 
applicable license agreement, including, without limitation, 
that your use is for the sole purpose of programming logic 
devices manufactured by Altera and sold by Altera or its 
authorized distributors.  Please refer to the applicable 
agreement for further details.



+------------------------------------------------------------------------------+
; Flow Summary                                                                 ;
+---------------------------------+--------------------------------------------+
; Flow Status                     ; Successful - Thu Jan 25 16:33:49 2018      ;
; Quartus II 64-Bit Version       ; 15.0.0 Build 145 04/22/2015 SJ Web Edition ;
; Revision Name                   ; tutorial1-2                                ;
; Top-level Entity Name           ; lights                                     ;
; Family                          ; Cyclone V                                  ;
; Device                          ; 5CSEMA5F31C6                               ;
; Timing Models                   ; Final                                      ;
; Logic utilization (in ALMs)     ; 1,776 / 32,070 ( 6 % )                     ;
; Total registers                 ; 2740                                       ;
; Total pins                      ; 56 / 457 ( 12 % )                          ;
; Total virtual pins              ; 0                                          ;
; Total block memory bits         ; 98,368 / 4,065,280 ( 2 % )                 ;
; Total DSP Blocks                ; 2 / 87 ( 2 % )                             ;
; Total HSSI RX PCSs              ; 0                                          ;
; Total HSSI PMA RX Deserializers ; 0                                          ;
; Total HSSI TX PCSs              ; 0                                          ;
; Total HSSI PMA TX Serializers   ; 0                                          ;
; Total PLLs                      ; 1 / 6 ( 17 % )                             ;
; Total DLLs                      ; 0 / 4 ( 0 % )                              ;
+---------------------------------+--------------------------------------------+


+-----------------------------------------+
; Flow Settings                           ;
+-------------------+---------------------+
; Option            ; Setting             ;
+-------------------+---------------------+
; Start date & time ; 01/25/2018 16:30:08 ;
; Main task         ; Compilation         ;
; Revision Name     ; tutorial1-2         ;
+-------------------+---------------------+


+-------------------------------------------------------------------------------------------------------------------------------------------------+
; Flow Non-Default Global Settings                                                                                                                ;
+-------------------------------------+------------------------------------------------------------+---------------+-------------+----------------+
; Assignment Name                     ; Value                                                      ; Default Value ; Entity Name ; Section Id     ;
+-------------------------------------+------------------------------------------------------------+---------------+-------------+----------------+
; COMPILER_SIGNATURE_ID               ; 233654130349964.151692660703608                            ; --            ; --          ; --             ;
; EDA_OUTPUT_DATA_FORMAT              ; Vhdl                                                       ; --            ; --          ; eda_simulation ;
; EDA_SIMULATION_TOOL                 ; ModelSim-Altera (VHDL)                                     ; <None>        ; --          ; --             ;
; MAX_CORE_JUNCTION_TEMP              ; 85                                                         ; --            ; --          ; --             ;
; MIN_CORE_JUNCTION_TEMP              ; 0                                                          ; --            ; --          ; --             ;
; MISC_FILE                           ; tut_nios_system/synthesis/../tut_nios.cmp                  ; --            ; --          ; --             ;
; MISC_FILE                           ; tut_nios_system/synthesis/../../tut_nios.qsys              ; --            ; --          ; --             ;
; PARTITION_COLOR                     ; 16764057                                                   ; --            ; lights      ; Top            ;
; PARTITION_FITTER_PRESERVATION_LEVEL ; PLACEMENT_AND_ROUTING                                      ; --            ; lights      ; Top            ;
; PARTITION_NETLIST_TYPE              ; SOURCE                                                     ; --            ; lights      ; Top            ;
; POWER_BOARD_THERMAL_MODEL           ; None (CONSERVATIVE)                                        ; --            ; --          ; --             ;
; POWER_PRESET_COOLING_SOLUTION       ; 23 MM HEAT SINK WITH 200 LFPM AIRFLOW                      ; --            ; --          ; --             ;
; PROJECT_OUTPUT_DIRECTORY            ; output_files                                               ; --            ; --          ; --             ;
; SLD_FILE                            ; tut_nios_system/synthesis/tut_nios.regmap                  ; --            ; --          ; --             ;
; SLD_FILE                            ; tut_nios_system/synthesis/tut_nios.debuginfo               ; --            ; --          ; --             ;
; SLD_INFO                            ; QSYS_NAME tut_nios HAS_SOPCINFO 1 GENERATION_ID 1516926502 ; --            ; tut_nios    ; --             ;
; SOPCINFO_FILE                       ; tut_nios_system/synthesis/../../tut_nios.sopcinfo          ; --            ; --          ; --             ;
; SYNTHESIS_ONLY_QIP                  ; On                                                         ; --            ; --          ; --             ;
; TOP_LEVEL_ENTITY                    ; lights                                                     ; tutorial1-2   ; --          ; --             ;
+-------------------------------------+------------------------------------------------------------+---------------+-------------+----------------+


+-------------------------------------------------------------------------------------------------------------------------------+
; Flow Elapsed Time                                                                                                             ;
+---------------------------+--------------+-------------------------+---------------------+------------------------------------+
; Module Name               ; Elapsed Time ; Average Processors Used ; Peak Virtual Memory ; Total CPU Time (on all processors) ;
+---------------------------+--------------+-------------------------+---------------------+------------------------------------+
; Analysis & Synthesis      ; 00:00:49     ; 1.0                     ; 1006 MB             ; 00:00:57                           ;
; Fitter                    ; 00:01:57     ; 1.0                     ; 2270 MB             ; 00:02:14                           ;
; Assembler                 ; 00:00:12     ; 1.0                     ; 851 MB              ; 00:00:11                           ;
; TimeQuest Timing Analyzer ; 00:00:26     ; 1.0                     ; 1321 MB             ; 00:00:24                           ;
; EDA Netlist Writer        ; 00:00:04     ; 1.0                     ; 915 MB              ; 00:00:03                           ;
; Total                     ; 00:03:28     ; --                      ; --                  ; 00:03:49                           ;
+---------------------------+--------------+-------------------------+---------------------+------------------------------------+


+----------------------------------------------------------------------------------------+
; Flow OS Summary                                                                        ;
+---------------------------+------------------+-----------+------------+----------------+
; Module Name               ; Machine Hostname ; OS Name   ; OS Version ; Processor type ;
+---------------------------+------------------+-----------+------------+----------------+
; Analysis & Synthesis      ; mac-laptop       ; Windows 7 ; 6.2        ; x86_64         ;
; Fitter                    ; mac-laptop       ; Windows 7 ; 6.2        ; x86_64         ;
; Assembler                 ; mac-laptop       ; Windows 7 ; 6.2        ; x86_64         ;
; TimeQuest Timing Analyzer ; mac-laptop       ; Windows 7 ; 6.2        ; x86_64         ;
; EDA Netlist Writer        ; mac-laptop       ; Windows 7 ; 6.2        ; x86_64         ;
+---------------------------+------------------+-----------+------------+----------------+


------------
; Flow Log ;
------------
quartus_map --read_settings_files=on --write_settings_files=off exercise1-2 -c tutorial1-2
quartus_fit --read_settings_files=off --write_settings_files=off exercise1-2 -c tutorial1-2
quartus_asm --read_settings_files=off --write_settings_files=off exercise1-2 -c tutorial1-2
quartus_sta exercise1-2 -c tutorial1-2
quartus_eda --read_settings_files=off --write_settings_files=off exercise1-2 -c tutorial1-2



